<?xml version="1.0" encoding="utf-8"?><testsuites name="pytest tests"><testsuite name="pytest" errors="0" failures="8" skipped="0" tests="23" time="6.076" timestamp="2026-03-07T13:31:09.359451+00:00" hostname="agent-env-59a437d1-3ece-4d88-9d01-a8888fd7f06d"><testcase classname="backend.tests.test_pdf_notes_frais_sync.TestChauffeurLogin" name="test_chauffeur_login_valid_code" time="0.265" /><testcase classname="backend.tests.test_pdf_notes_frais_sync.TestChauffeurLogin" name="test_chauffeur_login_invalid_code" time="0.143" /><testcase classname="backend.tests.test_pdf_notes_frais_sync.TestPointagesPDF" name="test_get_pointage_pdf" time="0.358" /><testcase classname="backend.tests.test_pdf_notes_frais_sync.TestPointagesPDF" name="test_get_pointage_pdf_not_found" time="0.115" /><testcase classname="backend.tests.test_pdf_notes_frais_sync.TestPointagesPDF" name="test_get_chantier_pointages_recap_pdf" time="0.268" /><testcase classname="backend.tests.test_pdf_notes_frais_sync.TestPointagesPDF" name="test_get_chantier_pointages_pdf_not_found" time="0.110" /><testcase classname="backend.tests.test_pdf_notes_frais_sync.TestNotesFrais" name="test_get_notes_frais_list" time="0.115" /><testcase classname="backend.tests.test_pdf_notes_frais_sync.TestNotesFrais" name="test_get_notes_frais_by_chauffeur" time="0.222" /><testcase classname="backend.tests.test_pdf_notes_frais_sync.TestNotesFrais" name="test_create_note_frais_carburant" time="0.228"><failure message="assert 500 == 200&#10; +  where 500 = &lt;Response [500]&gt;.status_code">backend/tests/test_pdf_notes_frais_sync.py:121: in test_create_note_frais_carburant
    assert response.status_code == 200
E   assert 500 == 200
E    +  where 500 = &lt;Response [500]&gt;.status_code</failure></testcase><testcase classname="backend.tests.test_pdf_notes_frais_sync.TestNotesFrais" name="test_create_note_frais_peage" time="0.209"><failure message="assert 500 == 200&#10; +  where 500 = &lt;Response [500]&gt;.status_code">backend/tests/test_pdf_notes_frais_sync.py:141: in test_create_note_frais_peage
    assert response.status_code == 200
E   assert 500 == 200
E    +  where 500 = &lt;Response [500]&gt;.status_code</failure></testcase><testcase classname="backend.tests.test_pdf_notes_frais_sync.TestNotesFrais" name="test_create_note_frais_repas" time="0.220"><failure message="assert 500 == 200&#10; +  where 500 = &lt;Response [500]&gt;.status_code">backend/tests/test_pdf_notes_frais_sync.py:158: in test_create_note_frais_repas
    assert response.status_code == 200
E   assert 500 == 200
E    +  where 500 = &lt;Response [500]&gt;.status_code</failure></testcase><testcase classname="backend.tests.test_pdf_notes_frais_sync.TestNotesFrais" name="test_create_note_frais_with_photo" time="0.245"><failure message="assert 500 == 200&#10; +  where 500 = &lt;Response [500]&gt;.status_code">backend/tests/test_pdf_notes_frais_sync.py:179: in test_create_note_frais_with_photo
    assert response.status_code == 200
E   assert 500 == 200
E    +  where 500 = &lt;Response [500]&gt;.status_code</failure></testcase><testcase classname="backend.tests.test_pdf_notes_frais_sync.TestNotesFrais" name="test_get_note_frais_by_id" time="0.232"><failure message="requests.exceptions.JSONDecodeError: Expecting value: line 1 column 1 (char 0)">/root/.venv/lib/python3.11/site-packages/requests/models.py:976: in json
    return complexjson.loads(self.text, **kwargs)
           ^^^^^^^^^^^^^^^^^^^^^^^^^^^^^^^^^^^^^^
/usr/local/lib/python3.11/json/__init__.py:346: in loads
    return _default_decoder.decode(s)
           ^^^^^^^^^^^^^^^^^^^^^^^^^^
/usr/local/lib/python3.11/json/decoder.py:337: in decode
    obj, end = self.raw_decode(s, idx=_w(s, 0).end())
               ^^^^^^^^^^^^^^^^^^^^^^^^^^^^^^^^^^^^^^
/usr/local/lib/python3.11/json/decoder.py:355: in raw_decode
    raise JSONDecodeError("Expecting value", s, err.value) from None
E   json.decoder.JSONDecodeError: Expecting value: line 1 column 1 (char 0)

During handling of the above exception, another exception occurred:
backend/tests/test_pdf_notes_frais_sync.py:197: in test_get_note_frais_by_id
    note_id = create_response.json()['id']
              ^^^^^^^^^^^^^^^^^^^^^^
/root/.venv/lib/python3.11/site-packages/requests/models.py:980: in json
    raise RequestsJSONDecodeError(e.msg, e.doc, e.pos)
E   requests.exceptions.JSONDecodeError: Expecting value: line 1 column 1 (char 0)</failure></testcase><testcase classname="backend.tests.test_pdf_notes_frais_sync.TestNotesFrais" name="test_update_note_frais_statut" time="0.261"><failure message="requests.exceptions.JSONDecodeError: Expecting value: line 1 column 1 (char 0)">/root/.venv/lib/python3.11/site-packages/requests/models.py:976: in json
    return complexjson.loads(self.text, **kwargs)
           ^^^^^^^^^^^^^^^^^^^^^^^^^^^^^^^^^^^^^^
/usr/local/lib/python3.11/json/__init__.py:346: in loads
    return _default_decoder.decode(s)
           ^^^^^^^^^^^^^^^^^^^^^^^^^^
/usr/local/lib/python3.11/json/decoder.py:337: in decode
    obj, end = self.raw_decode(s, idx=_w(s, 0).end())
               ^^^^^^^^^^^^^^^^^^^^^^^^^^^^^^^^^^^^^^
/usr/local/lib/python3.11/json/decoder.py:355: in raw_decode
    raise JSONDecodeError("Expecting value", s, err.value) from None
E   json.decoder.JSONDecodeError: Expecting value: line 1 column 1 (char 0)

During handling of the above exception, another exception occurred:
backend/tests/test_pdf_notes_frais_sync.py:218: in test_update_note_frais_statut
    note_id = create_response.json()['id']
              ^^^^^^^^^^^^^^^^^^^^^^
/root/.venv/lib/python3.11/site-packages/requests/models.py:980: in json
    raise RequestsJSONDecodeError(e.msg, e.doc, e.pos)
E   requests.exceptions.JSONDecodeError: Expecting value: line 1 column 1 (char 0)</failure></testcase><testcase classname="backend.tests.test_pdf_notes_frais_sync.TestNotesFrais" name="test_delete_note_frais" time="0.194"><failure message="requests.exceptions.JSONDecodeError: Expecting value: line 1 column 1 (char 0)">/root/.venv/lib/python3.11/site-packages/requests/models.py:976: in json
    return complexjson.loads(self.text, **kwargs)
           ^^^^^^^^^^^^^^^^^^^^^^^^^^^^^^^^^^^^^^
/usr/local/lib/python3.11/json/__init__.py:346: in loads
    return _default_decoder.decode(s)
           ^^^^^^^^^^^^^^^^^^^^^^^^^^
/usr/local/lib/python3.11/json/decoder.py:337: in decode
    obj, end = self.raw_decode(s, idx=_w(s, 0).end())
               ^^^^^^^^^^^^^^^^^^^^^^^^^^^^^^^^^^^^^^
/usr/local/lib/python3.11/json/decoder.py:355: in raw_decode
    raise JSONDecodeError("Expecting value", s, err.value) from None
E   json.decoder.JSONDecodeError: Expecting value: line 1 column 1 (char 0)

During handling of the above exception, another exception occurred:
backend/tests/test_pdf_notes_frais_sync.py:240: in test_delete_note_frais
    note_id = create_response.json()['id']
              ^^^^^^^^^^^^^^^^^^^^^^
/root/.venv/lib/python3.11/site-packages/requests/models.py:980: in json
    raise RequestsJSONDecodeError(e.msg, e.doc, e.pos)
E   requests.exceptions.JSONDecodeError: Expecting value: line 1 column 1 (char 0)</failure></testcase><testcase classname="backend.tests.test_pdf_notes_frais_sync.TestOfflineSync" name="test_sync_single_pointage" time="0.212" /><testcase classname="backend.tests.test_pdf_notes_frais_sync.TestOfflineSync" name="test_sync_multiple_pointages" time="0.213" /><testcase classname="backend.tests.test_pdf_notes_frais_sync.TestOfflineSync" name="test_sync_updates_existing_pointage" time="0.321" /><testcase classname="backend.tests.test_pdf_notes_frais_sync.TestJustificatifs" name="test_get_facture_justificatifs" time="0.222"><failure message="AssertionError: assert 'facture' in {'chantier_id': 'cb3dcd26-dc01-46fa-be3d-dac8975ea03d', 'chantier_reference': 'CH-2026-001', 'facture_id': '4e190e0b-5616-4332-8b02-df246f19b921', 'facture_numero': 'FAC-2026-03-9F1B3B29', ...}">backend/tests/test_pdf_notes_frais_sync.py:395: in test_get_facture_justificatifs
    assert 'facture' in data
E   AssertionError: assert 'facture' in {'chantier_id': 'cb3dcd26-dc01-46fa-be3d-dac8975ea03d', 'chantier_reference': 'CH-2026-001', 'facture_id': '4e190e0b-5616-4332-8b02-df246f19b921', 'facture_numero': 'FAC-2026-03-9F1B3B29', ...}</failure></testcase><testcase classname="backend.tests.test_pdf_notes_frais_sync.TestJustificatifs" name="test_get_facture_justificatifs_pdf" time="0.395" /><testcase classname="backend.tests.test_pdf_notes_frais_sync.TestJustificatifs" name="test_get_justificatifs_not_found" time="0.109" /><testcase classname="backend.tests.test_pdf_notes_frais_sync.TestChauffeurChantiers" name="test_get_chauffeur_chantiers" time="0.233" /><testcase classname="backend.tests.test_pdf_notes_frais_sync.TestCleanup" name="test_cleanup_test_notes_frais" time="0.847" /></testsuite></testsuites>