<?xml version="1.0" encoding="utf-8"?><testsuites name="pytest tests"><testsuite name="pytest" errors="0" failures="0" skipped="0" tests="23" time="5.590" timestamp="2026-03-07T13:34:46.891011+00:00" hostname="agent-env-59a437d1-3ece-4d88-9d01-a8888fd7f06d"><testcase classname="backend.tests.test_pdf_notes_frais_sync.TestChauffeurLogin" name="test_chauffeur_login_valid_code" time="0.135" /><testcase classname="backend.tests.test_pdf_notes_frais_sync.TestChauffeurLogin" name="test_chauffeur_login_invalid_code" time="0.123" /><testcase classname="backend.tests.test_pdf_notes_frais_sync.TestPointagesPDF" name="test_get_pointage_pdf" time="0.200" /><testcase classname="backend.tests.test_pdf_notes_frais_sync.TestPointagesPDF" name="test_get_pointage_pdf_not_found" time="0.102" /><testcase classname="backend.tests.test_pdf_notes_frais_sync.TestPointagesPDF" name="test_get_chantier_pointages_recap_pdf" time="0.236" /><testcase classname="backend.tests.test_pdf_notes_frais_sync.TestPointagesPDF" name="test_get_chantier_pointages_pdf_not_found" time="0.103" /><testcase classname="backend.tests.test_pdf_notes_frais_sync.TestNotesFrais" name="test_get_notes_frais_list" time="0.105" /><testcase classname="backend.tests.test_pdf_notes_frais_sync.TestNotesFrais" name="test_get_notes_frais_by_chauffeur" time="0.205" /><testcase classname="backend.tests.test_pdf_notes_frais_sync.TestNotesFrais" name="test_create_note_frais_carburant" time="0.222" /><testcase classname="backend.tests.test_pdf_notes_frais_sync.TestNotesFrais" name="test_create_note_frais_peage" time="0.225" /><testcase classname="backend.tests.test_pdf_notes_frais_sync.TestNotesFrais" name="test_create_note_frais_repas" time="0.212" /><testcase classname="backend.tests.test_pdf_notes_frais_sync.TestNotesFrais" name="test_create_note_frais_with_photo" time="0.202" /><testcase classname="backend.tests.test_pdf_notes_frais_sync.TestNotesFrais" name="test_get_note_frais_by_id" time="0.329" /><testcase classname="backend.tests.test_pdf_notes_frais_sync.TestNotesFrais" name="test_update_note_frais_statut" time="0.436" /><testcase classname="backend.tests.test_pdf_notes_frais_sync.TestNotesFrais" name="test_delete_note_frais" time="0.394" /><testcase classname="backend.tests.test_pdf_notes_frais_sync.TestOfflineSync" name="test_sync_single_pointage" time="0.212" /><testcase classname="backend.tests.test_pdf_notes_frais_sync.TestOfflineSync" name="test_sync_multiple_pointages" time="0.202" /><testcase classname="backend.tests.test_pdf_notes_frais_sync.TestOfflineSync" name="test_sync_updates_existing_pointage" time="0.310" /><testcase classname="backend.tests.test_pdf_notes_frais_sync.TestJustificatifs" name="test_get_facture_justificatifs" time="0.209" /><testcase classname="backend.tests.test_pdf_notes_frais_sync.TestJustificatifs" name="test_get_facture_justificatifs_pdf" time="0.356" /><testcase classname="backend.tests.test_pdf_notes_frais_sync.TestJustificatifs" name="test_get_justificatifs_not_found" time="0.099" /><testcase classname="backend.tests.test_pdf_notes_frais_sync.TestChauffeurChantiers" name="test_get_chauffeur_chantiers" time="0.192" /><testcase classname="backend.tests.test_pdf_notes_frais_sync.TestCleanup" name="test_cleanup_test_notes_frais" time="0.721" /></testsuite></testsuites>