<?xml version="1.0" encoding="utf-8"?><testsuites name="pytest tests"><testsuite name="pytest" errors="0" failures="0" skipped="0" tests="10" time="1.743" timestamp="2026-03-07T10:04:14.722255+00:00" hostname="agent-env-f3ef7aa1-5a32-4478-9be6-f12e62ca6d2a"><testcase classname="backend.tests.test_factures_pdf.TestFacturesPDFEndpoints" name="test_get_factures_list" time="0.130" /><testcase classname="backend.tests.test_factures_pdf.TestFacturesPDFEndpoints" name="test_get_facture_pdf_returns_valid_pdf" time="0.235" /><testcase classname="backend.tests.test_factures_pdf.TestFacturesPDFEndpoints" name="test_get_facture_pdf_content_disposition_inline" time="0.206" /><testcase classname="backend.tests.test_factures_pdf.TestFacturesPDFEndpoints" name="test_get_facture_download_returns_valid_pdf" time="0.200" /><testcase classname="backend.tests.test_factures_pdf.TestFacturesPDFEndpoints" name="test_get_facture_download_content_disposition_attachment" time="0.197" /><testcase classname="backend.tests.test_factures_pdf.TestFacturesPDFEndpoints" name="test_get_facture_pdf_404_for_nonexistent" time="0.102" /><testcase classname="backend.tests.test_factures_pdf.TestFacturesPDFEndpoints" name="test_get_facture_download_404_for_nonexistent" time="0.094" /><testcase classname="backend.tests.test_factures_pdf.TestFacturePDFContent" name="test_pdf_is_valid_pdf_format" time="0.217" /><testcase classname="backend.tests.test_factures_pdf.TestFacturePDFContent" name="test_pdf_size_reasonable" time="0.196" /><testcase classname="backend.tests.test_factures_pdf.TestFactureDetails" name="test_get_facture_details" time="0.100" /></testsuite></testsuites>