<?xml version="1.0" encoding="utf-8"?><testsuites name="pytest tests"><testsuite name="pytest" errors="0" failures="0" skipped="0" tests="19" time="5.676" timestamp="2026-06-10T14:13:52.295217+00:00" hostname="agent-env-64f5ce72-4ac6-4571-b4b3-207f93de9cc7"><testcase classname="backend.tests.test_espace_client.TestClientCredentials" name="test_generate_credentials_returns_password" time="0.480" /><testcase classname="backend.tests.test_espace_client.TestClientCredentials" name="test_get_clients_does_not_expose_password_hash" time="0.115" /><testcase classname="backend.tests.test_espace_client.TestClientCredentials" name="test_regenerate_returns_new_password" time="0.339" /><testcase classname="backend.tests.test_espace_client.TestClientCredentials" name="test_generate_credentials_client_without_email_400" time="0.333" /><testcase classname="backend.tests.test_espace_client.TestClientCredentials" name="test_generate_credentials_unknown_client_404" time="0.106" /><testcase classname="backend.tests.test_espace_client.TestClientLogin" name="test_login_success" time="0.327" /><testcase classname="backend.tests.test_espace_client.TestClientLogin" name="test_login_case_insensitive" time="0.340" /><testcase classname="backend.tests.test_espace_client.TestClientLogin" name="test_login_wrong_password" time="0.367" /><testcase classname="backend.tests.test_espace_client.TestClientLogin" name="test_login_unknown_email" time="0.108" /><testcase classname="backend.tests.test_espace_client.TestUploadDocuments" name="test_upload_to_client_sets_destinataire_fields" time="0.444" /><testcase classname="backend.tests.test_espace_client.TestUploadDocuments" name="test_upload_to_chauffeur_new_api" time="0.326" /><testcase classname="backend.tests.test_espace_client.TestUploadDocuments" name="test_upload_legacy_chauffeur_ids_still_works" time="0.325" /><testcase classname="backend.tests.test_espace_client.TestClientDocumentsList" name="test_list_client_documents" time="0.458" /><testcase classname="backend.tests.test_espace_client.TestClientDocumentsList" name="test_list_chauffeur_documents_no_leak" time="0.105" /><testcase classname="backend.tests.test_espace_client.TestClientSignGuards" name="test_sign_client_a_consulter_returns_400" time="0.124" /><testcase classname="backend.tests.test_espace_client.TestClientSignGuards" name="test_sign_client_a_signer_returns_401_docusign" time="0.104" /><testcase classname="backend.tests.test_espace_client.TestRevoke" name="test_revoke_then_login_401" time="0.253" /><testcase classname="backend.tests.test_espace_client.TestRevoke" name="test_get_clients_shows_acces_actif_false" time="0.103" /><testcase classname="backend.tests.test_espace_client.TestRevoke" name="test_regenerate_credentials_reactivates" time="0.828" /></testsuite></testsuites>