<?xml version="1.0" encoding="utf-8"?><testsuites name="pytest tests"><testsuite name="pytest" errors="0" failures="0" skipped="0" tests="10" time="1.416" timestamp="2026-03-06T16:00:03.383222+00:00" hostname="agent-env-f3ef7aa1-5a32-4478-9be6-f12e62ca6d2a"><testcase classname="backend.tests.test_docusign.TestDocuSignStatus" name="test_docusign_status_returns_configured" time="0.152" /><testcase classname="backend.tests.test_docusign.TestDocuSignSendContrat" name="test_send_contrat_requires_authentication" time="0.247" /><testcase classname="backend.tests.test_docusign.TestDocuSignSendContrat" name="test_send_contrat_not_found" time="0.121" /><testcase classname="backend.tests.test_docusign.TestDocuSignSyncStatus" name="test_sync_status_contrat_requires_auth" time="0.134" /><testcase classname="backend.tests.test_docusign.TestDocuSignSyncStatus" name="test_sync_status_facture_requires_auth" time="0.115" /><testcase classname="backend.tests.test_docusign.TestDocuSignSyncStatus" name="test_sync_status_invalid_document_type" time="0.115" /><testcase classname="backend.tests.test_docusign.TestDocuSignSyncAll" name="test_sync_all_requires_auth" time="0.114" /><testcase classname="backend.tests.test_docusign.TestDocuSignAuthUrl" name="test_auth_url_returns_url" time="0.106" /><testcase classname="backend.tests.test_docusign.TestDocuSignEnvelopeStatus" name="test_envelope_status_requires_auth" time="0.114" /><testcase classname="backend.tests.test_docusign.TestDocuSignSendFacture" name="test_send_facture_requires_auth" time="0.135" /></testsuite></testsuites>