<?xml version="1.0" encoding="utf-8"?><testsuites name="pytest tests"><testsuite name="pytest" errors="0" failures="0" skipped="1" tests="21" time="2.138" timestamp="2026-06-10T15:12:51.778721+00:00" hostname="agent-env-64f5ce72-4ac6-4571-b4b3-207f93de9cc7"><testcase classname="backend.tests.test_client_4tabs.TestChantiersTab" name="test_returns_list" time="0.210" /><testcase classname="backend.tests.test_client_4tabs.TestChantiersTab" name="test_includes_known_seed" time="0.000" /><testcase classname="backend.tests.test_client_4tabs.TestChantiersTab" name="test_each_chantier_has_required_fields" time="0.000" /><testcase classname="backend.tests.test_client_4tabs.TestChantiersTab" name="test_groups_planifie_and_en_cours_present" time="0.000" /><testcase classname="backend.tests.test_client_4tabs.TestContratsTab" name="test_returns_list" time="0.126" /><testcase classname="backend.tests.test_client_4tabs.TestContratsTab" name="test_no_signed_key_leak" time="0.000" /><testcase classname="backend.tests.test_client_4tabs.TestContratsTab" name="test_each_contrat_has_required_fields" time="0.000" /><testcase classname="backend.tests.test_client_4tabs.TestRelevesTab" name="test_returns_list" time="0.135" /><testcase classname="backend.tests.test_client_4tabs.TestRelevesTab" name="test_releves_have_rh_prefix_and_fields" time="0.000" /><testcase classname="backend.tests.test_client_4tabs.TestRelevesTab" name="test_releve_pdf_endpoint_reachable" time="0.288" /><testcase classname="backend.tests.test_client_4tabs.TestFacturesTab" name="test_returns_list" time="0.109" /><testcase classname="backend.tests.test_client_4tabs.TestFacturesTab" name="test_no_brouillon_in_response" time="0.000" /><testcase classname="backend.tests.test_client_4tabs.TestFacturesTab" name="test_fields" time="0.000" /><testcase classname="backend.tests.test_client_4tabs.TestSignatureGuards" name="test_contrat_sign_embedded_returns_401_docusign" time="0.235" /><testcase classname="backend.tests.test_client_4tabs.TestSignatureGuards" name="test_facture_sign_embedded_returns_401_docusign" time="0.146"><skipped type="pytest.skip" message="No signable facture (emise/envoyee) in seed">/app/backend/tests/test_client_4tabs.py:161: No signable facture (emise/envoyee) in seed</skipped></testcase><testcase classname="backend.tests.test_client_4tabs.TestSignatureGuards" name="test_facture_sign_sync_no_envelope_returns_400" time="0.116" /><testcase classname="backend.tests.test_client_4tabs.TestPdfSignedGuards" name="test_contrat_pdf_normal_returns_200" time="0.191" /><testcase classname="backend.tests.test_client_4tabs.TestPdfSignedGuards" name="test_contrat_pdf_signed_true_returns_404_when_unsigned" time="0.108" /><testcase classname="backend.tests.test_client_4tabs.TestPdfSignedGuards" name="test_facture_pdf_normal_returns_200" time="0.182" /><testcase classname="backend.tests.test_client_4tabs.TestPdfSignedGuards" name="test_facture_pdf_signed_true_returns_404_when_unsigned" time="0.109" /><testcase classname="backend.tests.test_client_4tabs.TestAncienEspaceClientLegacy" name="test_documents_client_endpoint_still_exists" time="0.123" /></testsuite></testsuites>