<?xml version="1.0" encoding="utf-8"?><testsuites name="pytest tests"><testsuite name="pytest" errors="0" failures="0" skipped="0" tests="20" time="7.683" timestamp="2026-03-07T12:07:10.229672+00:00" hostname="agent-env-59a437d1-3ece-4d88-9d01-a8888fd7f06d"><testcase classname="backend.tests.test_auth_admin_chauffeur.TestAdminAuthentication" name="test_admin_check_endpoint" time="0.376" /><testcase classname="backend.tests.test_auth_admin_chauffeur.TestAdminAuthentication" name="test_admin_init_creates_default_admin" time="0.203" /><testcase classname="backend.tests.test_auth_admin_chauffeur.TestAdminAuthentication" name="test_admin_login_success" time="0.381" /><testcase classname="backend.tests.test_auth_admin_chauffeur.TestAdminAuthentication" name="test_admin_login_wrong_password" time="0.346" /><testcase classname="backend.tests.test_auth_admin_chauffeur.TestAdminAuthentication" name="test_admin_login_wrong_email" time="0.101" /><testcase classname="backend.tests.test_auth_admin_chauffeur.TestAdminAuthentication" name="test_admin_me_with_valid_token" time="0.467" /><testcase classname="backend.tests.test_auth_admin_chauffeur.TestAdminAuthentication" name="test_admin_me_without_token" time="0.092" /><testcase classname="backend.tests.test_auth_admin_chauffeur.TestAdminAuthentication" name="test_admin_me_with_invalid_token" time="0.104" /><testcase classname="backend.tests.test_auth_admin_chauffeur.TestAdminManagement" name="test_admin_list" time="0.449" /><testcase classname="backend.tests.test_auth_admin_chauffeur.TestAdminManagement" name="test_admin_list_requires_auth" time="0.097" /><testcase classname="backend.tests.test_auth_admin_chauffeur.TestAdminManagement" name="test_create_admin" time="0.861" /><testcase classname="backend.tests.test_auth_admin_chauffeur.TestAdminManagement" name="test_create_admin_duplicate_email" time="0.431" /><testcase classname="backend.tests.test_auth_admin_chauffeur.TestAdminManagement" name="test_delete_admin" time="0.978" /><testcase classname="backend.tests.test_auth_admin_chauffeur.TestAdminManagement" name="test_toggle_admin_active" time="0.970" /><testcase classname="backend.tests.test_auth_admin_chauffeur.TestChauffeurAuthentication" name="test_chauffeur_login_with_valid_code" time="0.539" /><testcase classname="backend.tests.test_auth_admin_chauffeur.TestChauffeurAuthentication" name="test_chauffeur_login_with_invalid_code" time="0.099" /><testcase classname="backend.tests.test_auth_admin_chauffeur.TestChauffeurAuthentication" name="test_chauffeur_login_case_insensitive" time="0.537" /><testcase classname="backend.tests.test_auth_admin_chauffeur.TestChauffeurChantiers" name="test_get_chauffeur_chantiers" time="0.206" /><testcase classname="backend.tests.test_auth_admin_chauffeur.TestRouteProtection" name="test_protected_admin_endpoint_without_auth" time="0.199" /><testcase classname="backend.tests.test_auth_admin_chauffeur.TestRouteProtection" name="test_protected_admin_create_without_auth" time="0.106" /></testsuite></testsuites>