<?xml version="1.0" encoding="utf-8"?><testsuites name="pytest tests"><testsuite name="pytest" errors="0" failures="3" skipped="0" tests="20" time="6.717" timestamp="2026-03-07T12:06:17.934471+00:00" hostname="agent-env-59a437d1-3ece-4d88-9d01-a8888fd7f06d"><testcase classname="backend.tests.test_auth_admin_chauffeur.TestAdminAuthentication" name="test_admin_check_endpoint" time="0.192" /><testcase classname="backend.tests.test_auth_admin_chauffeur.TestAdminAuthentication" name="test_admin_init_creates_default_admin" time="0.215" /><testcase classname="backend.tests.test_auth_admin_chauffeur.TestAdminAuthentication" name="test_admin_login_success" time="0.331" /><testcase classname="backend.tests.test_auth_admin_chauffeur.TestAdminAuthentication" name="test_admin_login_wrong_password" time="0.349" /><testcase classname="backend.tests.test_auth_admin_chauffeur.TestAdminAuthentication" name="test_admin_login_wrong_email" time="0.096" /><testcase classname="backend.tests.test_auth_admin_chauffeur.TestAdminAuthentication" name="test_admin_me_with_valid_token" time="0.471" /><testcase classname="backend.tests.test_auth_admin_chauffeur.TestAdminAuthentication" name="test_admin_me_without_token" time="0.105" /><testcase classname="backend.tests.test_auth_admin_chauffeur.TestAdminAuthentication" name="test_admin_me_with_invalid_token" time="0.094" /><testcase classname="backend.tests.test_auth_admin_chauffeur.TestAdminManagement" name="test_admin_list" time="0.418" /><testcase classname="backend.tests.test_auth_admin_chauffeur.TestAdminManagement" name="test_admin_list_requires_auth" time="0.103" /><testcase classname="backend.tests.test_auth_admin_chauffeur.TestAdminManagement" name="test_create_admin" time="0.649"><failure message="assert 500 == 200&#10; +  where 500 = &lt;Response [500]&gt;.status_code">backend/tests/test_auth_admin_chauffeur.py:190: in test_create_admin
    assert response.status_code == 200
E   assert 500 == 200
E    +  where 500 = &lt;Response [500]&gt;.status_code</failure></testcase><testcase classname="backend.tests.test_auth_admin_chauffeur.TestAdminManagement" name="test_create_admin_duplicate_email" time="0.488" /><testcase classname="backend.tests.test_auth_admin_chauffeur.TestAdminManagement" name="test_delete_admin" time="0.682"><failure message="requests.exceptions.JSONDecodeError: Expecting value: line 1 column 1 (char 0)">/root/.venv/lib/python3.11/site-packages/requests/models.py:976: in json
    return complexjson.loads(self.text, **kwargs)
           ^^^^^^^^^^^^^^^^^^^^^^^^^^^^^^^^^^^^^^
/usr/local/lib/python3.11/json/__init__.py:346: in loads
    return _default_decoder.decode(s)
           ^^^^^^^^^^^^^^^^^^^^^^^^^^
/usr/local/lib/python3.11/json/decoder.py:337: in decode
    obj, end = self.raw_decode(s, idx=_w(s, 0).end())
               ^^^^^^^^^^^^^^^^^^^^^^^^^^^^^^^^^^^^^^
/usr/local/lib/python3.11/json/decoder.py:355: in raw_decode
    raise JSONDecodeError("Expecting value", s, err.value) from None
E   json.decoder.JSONDecodeError: Expecting value: line 1 column 1 (char 0)

During handling of the above exception, another exception occurred:
backend/tests/test_auth_admin_chauffeur.py:238: in test_delete_admin
    admin_id = create_response.json()["id"]
               ^^^^^^^^^^^^^^^^^^^^^^
/root/.venv/lib/python3.11/site-packages/requests/models.py:980: in json
    raise RequestsJSONDecodeError(e.msg, e.doc, e.pos)
E   requests.exceptions.JSONDecodeError: Expecting value: line 1 column 1 (char 0)</failure></testcase><testcase classname="backend.tests.test_auth_admin_chauffeur.TestAdminManagement" name="test_toggle_admin_active" time="0.647"><failure message="requests.exceptions.JSONDecodeError: Expecting value: line 1 column 1 (char 0)">/root/.venv/lib/python3.11/site-packages/requests/models.py:976: in json
    return complexjson.loads(self.text, **kwargs)
           ^^^^^^^^^^^^^^^^^^^^^^^^^^^^^^^^^^^^^^
/usr/local/lib/python3.11/json/__init__.py:346: in loads
    return _default_decoder.decode(s)
           ^^^^^^^^^^^^^^^^^^^^^^^^^^
/usr/local/lib/python3.11/json/decoder.py:337: in decode
    obj, end = self.raw_decode(s, idx=_w(s, 0).end())
               ^^^^^^^^^^^^^^^^^^^^^^^^^^^^^^^^^^^^^^
/usr/local/lib/python3.11/json/decoder.py:355: in raw_decode
    raise JSONDecodeError("Expecting value", s, err.value) from None
E   json.decoder.JSONDecodeError: Expecting value: line 1 column 1 (char 0)

During handling of the above exception, another exception occurred:
backend/tests/test_auth_admin_chauffeur.py:272: in test_toggle_admin_active
    admin_id = create_response.json()["id"]
               ^^^^^^^^^^^^^^^^^^^^^^
/root/.venv/lib/python3.11/site-packages/requests/models.py:980: in json
    raise RequestsJSONDecodeError(e.msg, e.doc, e.pos)
E   requests.exceptions.JSONDecodeError: Expecting value: line 1 column 1 (char 0)</failure></testcase><testcase classname="backend.tests.test_auth_admin_chauffeur.TestChauffeurAuthentication" name="test_chauffeur_login_with_valid_code" time="0.545" /><testcase classname="backend.tests.test_auth_admin_chauffeur.TestChauffeurAuthentication" name="test_chauffeur_login_with_invalid_code" time="0.098" /><testcase classname="backend.tests.test_auth_admin_chauffeur.TestChauffeurAuthentication" name="test_chauffeur_login_case_insensitive" time="0.518" /><testcase classname="backend.tests.test_auth_admin_chauffeur.TestChauffeurChantiers" name="test_get_chauffeur_chantiers" time="0.223" /><testcase classname="backend.tests.test_auth_admin_chauffeur.TestRouteProtection" name="test_protected_admin_endpoint_without_auth" time="0.210" /><testcase classname="backend.tests.test_auth_admin_chauffeur.TestRouteProtection" name="test_protected_admin_create_without_auth" time="0.101" /></testsuite></testsuites>