<?xml version="1.0" encoding="utf-8"?><testsuites name="pytest tests"><testsuite name="pytest" errors="0" failures="0" skipped="0" tests="12" time="3.444" timestamp="2026-03-07T15:35:27.914056+00:00" hostname="agent-env-0708f3fd-146d-4d84-b214-8d35984e25d8"><testcase classname="tests.test_comptes_bancaires.TestComptesBancairesCRUD" name="test_get_comptes_bancaires_list" time="0.235" /><testcase classname="tests.test_comptes_bancaires.TestComptesBancairesCRUD" name="test_create_compte_bancaire" time="0.353" /><testcase classname="tests.test_comptes_bancaires.TestComptesBancairesCRUD" name="test_create_compte_bancaire_default" time="0.291" /><testcase classname="tests.test_comptes_bancaires.TestComptesBancairesCRUD" name="test_get_compte_bancaire_by_id" time="0.373" /><testcase classname="tests.test_comptes_bancaires.TestComptesBancairesCRUD" name="test_get_compte_bancaire_not_found" time="0.153" /><testcase classname="tests.test_comptes_bancaires.TestComptesBancairesCRUD" name="test_update_compte_bancaire" time="0.449" /><testcase classname="tests.test_comptes_bancaires.TestComptesBancairesCRUD" name="test_update_compte_bancaire_not_found" time="0.107" /><testcase classname="tests.test_comptes_bancaires.TestComptesBancairesCRUD" name="test_delete_compte_bancaire" time="0.342" /><testcase classname="tests.test_comptes_bancaires.TestComptesBancairesCRUD" name="test_delete_compte_bancaire_not_found" time="0.098" /><testcase classname="tests.test_comptes_bancaires.TestComptesBancairesDefaultLogic" name="test_setting_new_default_removes_old_default" time="0.691" /><testcase classname="tests.test_comptes_bancaires.TestFacturesWithCompteBancaire" name="test_factures_list_includes_compte_bancaire_info" time="0.114" /><testcase classname="tests.test_comptes_bancaires.TestExistingBankAccounts" name="test_existing_bank_accounts" time="0.119" /></testsuite></testsuites>