<?xml version="1.0" encoding="utf-8"?><testsuites name="pytest tests"><testsuite name="pytest" errors="0" failures="0" skipped="0" tests="16" time="4.281" timestamp="2026-06-10T14:15:11.949702+00:00" hostname="agent-env-64f5ce72-4ac6-4571-b4b3-207f93de9cc7"><testcase classname="backend.tests.test_documents_espace.TestUpload" name="test_upload_single_chauffeur" time="0.533" /><testcase classname="backend.tests.test_documents_espace.TestUpload" name="test_upload_multi_chauffeur" time="0.460" /><testcase classname="backend.tests.test_documents_espace.TestUpload" name="test_upload_invalid_categorie" time="0.106" /><testcase classname="backend.tests.test_documents_espace.TestUpload" name="test_upload_no_chauffeur" time="0.112" /><testcase classname="backend.tests.test_documents_espace.TestList" name="test_admin_list_hides_storage_keys" time="0.147" /><testcase classname="backend.tests.test_documents_espace.TestList" name="test_filter_by_categorie" time="0.111" /><testcase classname="backend.tests.test_documents_espace.TestList" name="test_filter_by_chauffeur" time="0.113" /><testcase classname="backend.tests.test_documents_espace.TestList" name="test_chauffeur_list" time="0.106" /><testcase classname="backend.tests.test_documents_espace.TestDownload" name="test_download_original_pdf" time="0.240" /><testcase classname="backend.tests.test_documents_espace.TestDownload" name="test_download_signed_not_available" time="0.126" /><testcase classname="backend.tests.test_documents_espace.TestDownload" name="test_download_unknown_doc" time="0.122" /><testcase classname="backend.tests.test_documents_espace.TestSignGuards" name="test_sign_a_consulter_returns_400" time="0.107" /><testcase classname="backend.tests.test_documents_espace.TestSignGuards" name="test_sign_a_signer_returns_401_docusign_not_auth" time="0.110" /><testcase classname="backend.tests.test_documents_espace.TestSync" name="test_sync_no_envelope" time="0.131" /><testcase classname="backend.tests.test_documents_espace.TestDelete" name="test_delete_and_verify_404" time="0.988" /><testcase classname="backend.tests.test_documents_espace.TestChantierNumerotation" name="test_new_chantier_reference_format_2026" time="0.681" /></testsuite></testsuites>