<?xml version="1.0" encoding="utf-8"?><testsuites name="pytest tests"><testsuite name="pytest" errors="0" failures="0" skipped="0" tests="8" time="2.014" timestamp="2026-03-07T09:52:32.323248+00:00" hostname="agent-env-f3ef7aa1-5a32-4478-9be6-f12e62ca6d2a"><testcase classname="backend.tests.test_contrats_pdf.TestContratsCCPAPDF" name="test_get_contrats_list" time="0.152" /><testcase classname="backend.tests.test_contrats_pdf.TestContratsCCPAPDF" name="test_pdf_endpoint_returns_pdf" time="0.303" /><testcase classname="backend.tests.test_contrats_pdf.TestContratsCCPAPDF" name="test_download_endpoint_returns_pdf_attachment" time="0.288" /><testcase classname="backend.tests.test_contrats_pdf.TestContratsCCPAPDF" name="test_pdf_contains_contrat_info" time="0.284" /><testcase classname="backend.tests.test_contrats_pdf.TestContratsCCPAPDF" name="test_pdf_endpoint_404_for_invalid_id" time="0.210" /><testcase classname="backend.tests.test_contrats_pdf.TestContratsCCPAPDF" name="test_download_endpoint_404_for_invalid_id" time="0.232" /><testcase classname="backend.tests.test_contrats_pdf.TestContratsCCPAPDF" name="test_pdf_filename_contains_contrat_number" time="0.293" /><testcase classname="backend.tests.test_contrats_pdf.TestContratsCCPAEndpoints" name="test_get_single_contrat" time="0.200" /></testsuite></testsuites>