<?xml version="1.0" encoding="utf-8"?><testsuites name="pytest tests"><testsuite name="pytest" errors="0" failures="0" skipped="0" tests="7" time="3.060" timestamp="2026-03-06T14:58:42.588806+00:00" hostname="agent-env-f3ef7aa1-5a32-4478-9be6-f12e62ca6d2a"><testcase classname="backend.tests.test_chantiers_gasoil.TestChantierGasoilBackend" name="test_create_chantier_with_gasoil_true" time="0.458" /><testcase classname="backend.tests.test_chantiers_gasoil.TestChantierGasoilBackend" name="test_create_chantier_with_gasoil_false" time="0.373" /><testcase classname="backend.tests.test_chantiers_gasoil.TestChantierGasoilBackend" name="test_create_chantier_default_gasoil" time="0.377" /><testcase classname="backend.tests.test_chantiers_gasoil.TestChantierGasoilBackend" name="test_update_chantier_gasoil_true_to_false" time="0.390" /><testcase classname="backend.tests.test_chantiers_gasoil.TestChantierGasoilBackend" name="test_update_chantier_gasoil_false_to_true" time="0.584" /><testcase classname="backend.tests.test_chantiers_gasoil.TestChantierGasoilBackend" name="test_list_chantiers_with_gasoil_field" time="0.443" /><testcase classname="backend.tests.test_chantiers_gasoil.TestChantierGasoilBackend" name="test_chantier_recap_includes_gasoil" time="0.323" /></testsuite></testsuites>