<?xml version="1.0" encoding="utf-8"?><testsuites name="pytest tests"><testsuite name="pytest" errors="0" failures="0" skipped="0" tests="14" time="2.496" timestamp="2026-03-07T11:18:28.237232+00:00" hostname="agent-env-59a437d1-3ece-4d88-9d01-a8888fd7f06d"><testcase classname="backend.tests.test_phase4_export_dashboard.TestExportFactures" name="test_export_factures_csv" time="0.391" /><testcase classname="backend.tests.test_phase4_export_dashboard.TestExportFactures" name="test_export_factures_excel" time="0.140" /><testcase classname="backend.tests.test_phase4_export_dashboard.TestExportFactures" name="test_export_factures_csv_with_status_filter" time="0.104" /><testcase classname="backend.tests.test_phase4_export_dashboard.TestExportFactures" name="test_export_factures_excel_with_status_filter" time="0.118" /><testcase classname="backend.tests.test_phase4_export_dashboard.TestExportPointages" name="test_export_pointages_csv" time="0.127" /><testcase classname="backend.tests.test_phase4_export_dashboard.TestExportPointages" name="test_export_pointages_excel" time="0.149" /><testcase classname="backend.tests.test_phase4_export_dashboard.TestExportPointages" name="test_export_pointages_csv_with_filters" time="0.412" /><testcase classname="backend.tests.test_phase4_export_dashboard.TestDashboardStats" name="test_dashboard_stats_endpoint" time="0.105" /><testcase classname="backend.tests.test_phase4_export_dashboard.TestDashboardStats" name="test_dashboard_stats_ca_values_are_numbers" time="0.111" /><testcase classname="backend.tests.test_phase4_export_dashboard.TestDashboardStats" name="test_dashboard_stats_evolution_ca_structure" time="0.102" /><testcase classname="backend.tests.test_phase4_export_dashboard.TestNotifications" name="test_notifications_endpoint" time="0.117" /><testcase classname="backend.tests.test_phase4_export_dashboard.TestNotifications" name="test_notifications_structure" time="0.099" /><testcase classname="backend.tests.test_phase4_export_dashboard.TestNotifications" name="test_notifications_sorted_by_priority" time="0.113" /><testcase classname="backend.tests.test_phase4_export_dashboard.TestOldDashboardStats" name="test_old_dashboard_stats" time="0.251" /></testsuite></testsuites>