<?xml version="1.0" encoding="utf-8"?><testsuites name="pytest tests"><testsuite name="pytest" errors="0" failures="0" skipped="0" tests="11" time="4.026" timestamp="2026-03-06T14:40:21.623922+00:00" hostname="agent-env-f3ef7aa1-5a32-4478-9be6-f12e62ca6d2a"><testcase classname="backend.tests.test_baremes.TestBaremesAPI" name="test_get_baremes_returns_200" time="0.195" /><testcase classname="backend.tests.test_baremes.TestBaremesAPI" name="test_get_baremes_has_4_bareme_types" time="0.182" /><testcase classname="backend.tests.test_baremes.TestBaremesAPI" name="test_each_bareme_has_20_tranches" time="0.193" /><testcase classname="backend.tests.test_baremes.TestBaremesAPI" name="test_tranches_cover_0_to_50km" time="0.166" /><testcase classname="backend.tests.test_baremes.TestBaremesAPI" name="test_baremes_has_taux_horaire_minimum" time="0.149" /><testcase classname="backend.tests.test_baremes.TestBaremesAPI" name="test_update_baremes_full" time="0.743" /><testcase classname="backend.tests.test_baremes.TestBaremesAPI" name="test_update_single_bareme" time="0.695" /><testcase classname="backend.tests.test_baremes.TestBaremesAPI" name="test_update_invalid_bareme_type_returns_400" time="0.149" /><testcase classname="backend.tests.test_baremes.TestBaremesAPI" name="test_tranches_have_prix_tonne_km_field" time="0.155" /><testcase classname="backend.tests.test_baremes.TestBaremesDataIntegrity" name="test_update_and_verify_persistence" time="0.622" /><testcase classname="backend.tests.test_baremes.TestBaremesDataIntegrity" name="test_partial_update_preserves_other_fields" time="0.690" /></testsuite></testsuites>