<?xml version="1.0" encoding="utf-8"?><testsuites name="pytest tests"><testsuite name="pytest" errors="0" failures="0" skipped="0" tests="10" time="4.881" timestamp="2026-03-06T15:32:45.196673+00:00" hostname="agent-env-f3ef7aa1-5a32-4478-9be6-f12e62ca6d2a"><testcase classname="backend.tests.test_contrats_ccpa.TestContratsCCPAAPI" name="test_01_get_contrats_ccpa_list" time="0.550" /><testcase classname="backend.tests.test_contrats_ccpa.TestContratsCCPAAPI" name="test_02_create_contrat_ccpa" time="0.409" /><testcase classname="backend.tests.test_contrats_ccpa.TestContratsCCPAAPI" name="test_03_get_contrat_ccpa_by_id" time="0.507" /><testcase classname="backend.tests.test_contrats_ccpa.TestContratsCCPAAPI" name="test_04_update_contrat_ccpa_editable_fields" time="0.533" /><testcase classname="backend.tests.test_contrats_ccpa.TestContratsCCPAAPI" name="test_05_update_contrat_status_workflow" time="0.595" /><testcase classname="backend.tests.test_contrats_ccpa.TestContratsCCPAAPI" name="test_06_filter_contrats_by_status" time="0.343" /><testcase classname="backend.tests.test_contrats_ccpa.TestContratsCCPAAPI" name="test_07_prevent_duplicate_contrat_per_chantier" time="0.531" /><testcase classname="backend.tests.test_contrats_ccpa.TestContratsCCPAAPI" name="test_08_delete_contrat_ccpa" time="0.473" /><testcase classname="backend.tests.test_contrats_ccpa.TestContratsCCPAAPI" name="test_09_get_contrat_by_chantier" time="0.464" /><testcase classname="backend.tests.test_contrats_ccpa.TestContratsCCPAAPI" name="test_10_contrat_not_found" time="0.358" /></testsuite></testsuites>