<?xml version="1.0" encoding="utf-8"?><testsuites name="pytest tests"><testsuite name="pytest" errors="0" failures="0" skipped="0" tests="11" time="4.513" timestamp="2026-03-07T10:28:35.036431+00:00" hostname="agent-env-f3ef7aa1-5a32-4478-9be6-f12e62ca6d2a"><testcase classname="backend.tests.test_chauffeur_portal_tours.TestChauffeurLogin" name="test_chauffeur_login_valid_code" time="0.153" /><testcase classname="backend.tests.test_chauffeur_portal_tours.TestChauffeurLogin" name="test_chauffeur_login_invalid_code" time="0.109" /><testcase classname="backend.tests.test_chauffeur_portal_tours.TestPointagesWithTours" name="test_create_pointage_with_tours" time="0.402" /><testcase classname="backend.tests.test_chauffeur_portal_tours.TestPointagesWithTours" name="test_pointage_tours_structure" time="0.421" /><testcase classname="backend.tests.test_chauffeur_portal_tours.TestBaremesKilometriques" name="test_get_baremes_config" time="0.095" /><testcase classname="backend.tests.test_chauffeur_portal_tours.TestBaremesKilometriques" name="test_update_bareme" time="0.203" /><testcase classname="backend.tests.test_chauffeur_portal_tours.TestFactureGeneration" name="test_generer_facture_with_baremes" time="0.495" /><testcase classname="backend.tests.test_chauffeur_portal_tours.TestFactureGeneration" name="test_facture_minima_horaire_rule" time="0.514" /><testcase classname="backend.tests.test_chauffeur_portal_tours.TestContratCCPALink" name="test_facture_has_contrat_numero" time="0.113" /><testcase classname="backend.tests.test_chauffeur_portal_tours.TestContratCCPALink" name="test_contrats_ccpa_endpoint" time="0.096" /><testcase classname="backend.tests.test_chauffeur_portal_tours.TestCleanup" name="test_cleanup_test_data" time="1.840" /></testsuite></testsuites>