<?xml version="1.0" encoding="utf-8"?><testsuites name="pytest tests"><testsuite name="pytest" errors="0" failures="1" skipped="0" tests="10" time="1.887" timestamp="2026-03-07T10:03:53.641494+00:00" hostname="agent-env-f3ef7aa1-5a32-4478-9be6-f12e62ca6d2a"><testcase classname="backend.tests.test_factures_pdf.TestFacturesPDFEndpoints" name="test_get_factures_list" time="0.219" /><testcase classname="backend.tests.test_factures_pdf.TestFacturesPDFEndpoints" name="test_get_facture_pdf_returns_valid_pdf" time="0.231" /><testcase classname="backend.tests.test_factures_pdf.TestFacturesPDFEndpoints" name="test_get_facture_pdf_content_disposition_inline" time="0.202" /><testcase classname="backend.tests.test_factures_pdf.TestFacturesPDFEndpoints" name="test_get_facture_download_returns_valid_pdf" time="0.202" /><testcase classname="backend.tests.test_factures_pdf.TestFacturesPDFEndpoints" name="test_get_facture_download_content_disposition_attachment" time="0.198" /><testcase classname="backend.tests.test_factures_pdf.TestFacturesPDFEndpoints" name="test_get_facture_pdf_404_for_nonexistent" time="0.108" /><testcase classname="backend.tests.test_factures_pdf.TestFacturesPDFEndpoints" name="test_get_facture_download_404_for_nonexistent" time="0.133" /><testcase classname="backend.tests.test_factures_pdf.TestFacturePDFContent" name="test_pdf_contains_facture_numero" time="0.196"><failure message="assert ('FAC-2026-03-TEST01' in '%PDF-1.7\n%ð\x9f\x96¤\n5 0 obj\n&lt;&lt;/Filter /FlateDecode/Length 2980&gt;&gt;\nstream\nxÚÍZËnd·\x11Ý÷WÜµ\x81Ð$\x8bÅ\x07\x10\x0c\x90Ày @\x12Ø\x1ed\x90\x04Yh\x94È\x1b+\x80\x9dE~?\x87÷ÁÇ½d©%\x01\x8eGÐ´\x9a&lt;\x97,²Þ§Û,\x1a?¿0ø/:£bLÁ»åñùöÃM«Àëlùc\x1d&gt;~\x8cáÅ\x05V\x9a\x8cåÅÆ\xa0ðk´]\x983þÇ\x7fÝ&gt;Ýþ\rÜ\x97\x0fFéå»ÿ`=£MòØJÑñ\x87\x89\x9a\x92]~üîÎå^F=Ý¾ÆÏ\x0f7§í1W\x1f\x88^\x19\x17Ù¾UÈ×,z/¶\x08\x1c£rÄÞº\x06otRÆs4æ\xad\x12¿fÕ»Á\x87Ì\x9c\x82òÚà\x99ö\x8c\x10,%â·^òk\x16½\x17{\x08\x0c!~U\x84H\x94ÿ-×?¾ùÝÍ,ÿ]\x8d\x8d#í«&gt;·\x1a\xadÃßß¾}ËÚÃµ\x9e[\r¼\x7f\x8bÑZÏí\x95½{\x8báZÏ7\x1f¢\nZ\x87\x18Þ¿EV\x82\'è1^\x94P\x87ß¯\x84n\x8bzqïßb´V§\x84wo1\\«SÂh\x0bªÓ\x81Üáël\x945Ñ`)B¤Ò\x896÷a\x9bT21YjÁ.æU£?\x81/Î\x9e&lt;¶qËõ\x0f8ûP\x0cÒúºä}ÈÃÑ\x9bÓ\'\x08\x1f\x93öë\xaddsj\x06¾Ç\x80Ç@¬\x03&gt;\x84úd3þé\x8b=ÿ4£°mã\x9c£Åä½\x8dÅ\x91m\x8cQÄ\x04¥9\x84`\x04\x0cá}ô\x9e½\x84AT6ÌÎ\n\x18Ç*¿µAÀ@ã&amp;\x10\x19\x920H³Ú\x9a\x14\x05\x8c\'eÉè(\xadã\x93²\x9c\x92O\x02\x06Q|½B\'`\x10àÉ\x84 B\x82&quot;çóÄ\x1c\x93HÁjØHªHI9í(\tª°\x9aáâd£°\x8e5F9o\x8d\x0f\x12&amp;(\x97\x8cfA¥Ö\x92b\x08EQÂ$Å\x88;VP\x85EDÈV¨\x05UXÔ\x83^{NNÂ ö\x10» \xadÃ¤¼wäYÂ$å\x13Iê²\x1eAÌZC\x92*\x82AÂG&lt;\x97T\x91ý;¤¤%U kE\x1dC\x92T\x11\x11E( \\\x08\x98ÄjudA\x15¨\x800ÁÎE\t\x13T²02A\x15pa\x95\x98à¦\x12\x06q...\x1dg\x9a«-öÌ*\rÛ^t]ÄQ\x88\x00\x8ah\x19g¸åÙfPl±\x03Ì\x19Ô\x1bÊ\x1eo¨jK\x93:\x82a\x7f«³íSsµ4z÷\t$³Ä-\x116\x89,×.Dß+ÊY\x1eÖ¦AÕlL\x02ºr\x9d¡ªµ]\x9bW\x0bD\x93å±ÆH³âï\x92Vu¡·Ym*¬w\x90\x96kÝq\x1eªTW´\x997³\x14SÎÌ±\x83\x11÷û\\ï¨\x02Fë:\x1b¯Ê÷³ñ½Ú\x83sÒr\x1e!ö vC\x99Ð+\x12{\x1e¾\x16\x96\x89 \x16\x08³\x8b\x93\x00\x8e&lt;n\x08Ù\x12\x1eÚ\x84.6óâ\x04\x01¾\\\x9c\'à{ö\x12\x89\x10\x97ÇJ¢V&quot;8JP\x8f\x86pa\x03ö28yÇ\'\xad%Ü\x13\x11´É\x86QKHn}C{P\x80Iz2²YS9V\x88;ß8à8ùØg\x8cÊ\x8dZ\x99ð[*y±\x7fôÜ¾:K\x92±7\x0eqU~,²M\x99jÌÁ&quot;`R G3{\x9eF÷¶Ý¹Tá2\x95\x04þ\x98Û·%y\x13H&gt;-î¿ÜN_\x86ÿE|pÆÅï\x01\x08g¿\x84\x90+Õý?àÀ\x95Ä\x07\x93ö§\x01\t\x1ed\x84½\x85\x165ö¼\x00ÍÕc½âÿõØöÙî?áá\n\x86\x1auÂ\x11ÙJ\x8cg5I(Z\x8d\x0b\x08\x11\x8d0â-êZ&lt;5¡\x19;ã9ôÏ\x17.!Ï¢\ní)À\x7f\x90oAEB4\x7f®Ò¢È\x0b-\x92ß\x88§àçðteä\x17P\x12?\x03¥ð\x02J\rTé\x13\x8a\x1c4\x81èÃé9¿yU¦\x87\x8d®àæQ«ú8¯èû#\x90=Þé÷ÿ\x058\n¨0\nendstream\nendobj\n22 0 obj\n&lt;&lt;/Type /XRef/Index [0 23]/W [1 2 2]/Size 23/Root 2 0 R/Info 20 0 R/Filter /FlateDecode/Length 81&gt;&gt;\nstream\nxÚ%Ë-\x0e\x800\x18\x83ávü3`\x82ÌÍs\x00H\x10Ü\x01Çýï\x80C\x8d5\x9fyÄÛ\x14@Î\x0e\x11\x10\x14NTD°V\x8bF´ô\x1fÀô\x14öÕÖNôbàñZ\x1b\x85\x17\x93\x98ÅÂs+·ë\x06~çN\x07\x9f\nendstream\nendobj\nstartxref\n15182\n%%EOF\n' or 'FACTURE' in '%PDF-1.7\n%Ð\x9f\x96¤\n5 0 OBJ\n&lt;&lt;/FILTER /FLATEDECODE/LENGTH 2980&gt;&gt;\nSTREAM\nXÚÍZËND·\x11Ý÷WÜΜ\x81Ð$\x8bÅ\x07\x10\x0c\x90ÀY @\x12Ø\x1eD\x90\x04YH\x94È\x1b+\x80\x9dE~?\x87÷ÁÇ½D©%\x01\x8eGÐ´\x9a&lt;\x97,²Þ§Û,\x1a?¿0Ø/:£BLÁ»ÅÑÙÖÃM«ÀËLÙC\x1d&gt;~\x8cÁÅ\x05V\x9a\x8cÅÅÆ\xa0ÐK´]\x983ÞÇ\x7fÝ&gt;ÝÞ\rÜ\x97\x0fFÉÅ»Ÿ`=£MÒØJÑÑ\x87\x89\x9a\x92]~ÜÎÎÅ^F=Ý¾ÆÏ\x0f7§Í1W\x1f\x88^\x19\x17Ù¾UÈ×,Z/¶\x08\x1c£RÄÞº\x06OTRÆS4Æ\xad\x12¿FÕ»Á\x87Ì\x9c\x82ÒÚÀ\x99Ö\x8c\x10,%Â·^ÒK\x16½\x17{\x08\x0c!~U\x84H\x94Ÿ-×?¾ÙÝÍ,Ÿ]\x8d\x8d#Í«&gt;·\x1a\xadÃSSSS¾}ËÚÃΜ\x9e[\r¼\x7f\x8bÑZÏÍ\x95½{\x8bÁZÏ7\x1f¢\nZ\x87\x18Þ¿EV\x82\'È1^\x94P\x87SS¯\x84N\x8bZQÏSSB´V§\x84WO1\\«SÂH\x0bªÓ\x81ÜÁËL\x945Ñ`)B¤Ò\x896÷A\x9bT21YJÁ.ÆU£?\x81/Î\x9e&lt;¶QËÕ\x0f8ÛP\x0cÒÚºÄ}ÈÃÑ\x9bÓ\'\x08\x1f\x93ÖË\xadDSJ\x06¾Ç\x80Ç@¬\x03&gt;\x84ÚD3ÞÉ\x8b=Ÿ4£°MÃ\x9c£ÅÄ½\x8dÅ\x91M\x8cQÄ\x04¥9\x84`\x04\x0cÁ}Ô\x9e½\x84AT6ÌÎ\n\x18Ç*¿ΜAÀ@Ã&amp;\x10\x19\x920H³Ú\x9a\x14\x05\x8c\'EÉÈ(\xadÃ\x93²\x9c\x92O\x02\x06Q|½B\'`\x10ÀÉ\x84 B\x82&quot;ÇÓÄ\x1c\x93HÁJØHªHI9Í(\tª°\x9aÁÂD£°\x8e5F9O\x8d\x0f\x12&amp;(\x97\x8cFA¥Ö\x92B\x08EQÂ$Å\x88;VP\x85EDÈV¨\x05UXÔ\x83^{NNÂ Ö\x10» \xadÃ¤¼WÄYÂ$Å\x13IÊ²\x1eAÌZC\x92*\x82AÂG&lt;\x97T\x91Ý;¤¤%U KE\x1dC\x92T\x11\x11E( \\\x08\x98ÄJUDA\x15¨\x800ÁÎE\t\x13T²02A\x15PA\x95\x98À¦\x12\...dG\x9a«-ÖÌ*\rÛ^T]ÄQ\x88\x00\x8aH\x19G¸ÅÙFPL±\x03Ì\x19Ô\x1bÊ\x1eO¨JK\x93:\x82A\x7f«³ÍSSΜ4Z÷\t$³Ä-\x116\x89,×.DSS+ÊY\x1eÖ¦AÕLL\x02ºR\x9d¡ªΜ]\x9bW\x0bD\x93Å±ÆH³ÂÏ\x92VU¡·YM*¬W\x90\x96KÝQ\x1eªTW´\x997³\x14SÎÌ±\x83\x11÷Û\\Ï¨\x02FË:\x1b¯Ê÷³Ñ½Ú\x83SÒR\x1e!Ö VC\x99Ð+\x12{\x1e¾\x16\x96\x89 \x16\x08³\x8b\x93\x00\x8e&lt;N\x08Ù\x12\x1eÚ\x84.6ÓÂ\x04\x01¾\\\x9c\'À{Ö\x12\x89\x10\x97ÇJ¢V&quot;8JP\x8f\x86PA\x03Ö28YÇ\'\xad%Ü\x13\x11´É\x86QKHN}C{P\x80IZ2²YS9V\x88;SS8À8ÙØG\x8cÊ\x8dZ\x99Ð[*Y±\x7fÔÜ¾:K\x92±7\x0eQU~,²M\x99JÌÁ&quot;`R G3{\x9eF÷¶Ý¹TÁ2\x95\x04Þ\x98Û·%Y\x13H&gt;-Î¿ÜN_\x86ŸE|PÆÅÏ\x01\x08G¿\x84\x90+ÕÝ?ÀÀ\x95Ä\x07\x93Ö§\x01\t\x1eD\x84½\x85\x165Ö¼\x00ÍÕC½ÂŸÕØÖÙÎ?ÁÁ\n\x86\x1aUÂ\x11ÙJ\x8cG5I(Z\x8d\x0b\x08\x11\x8d0Â-ÊZ&lt;5¡\x19;Ã9ÔÏ\x17.!Ï¢\nÍ)À\x7f\x90OAEB4\x7f®Ò¢È\x0b-\x92SS\x88§ÀÇÐTEÄ\x17P\x12?\x03¥Ð\x02J\rTÉ\x13\x8a\x1c4\x81ÈÃÉ9¿YU¦\x87\x8d®ÀÆQ«Ú8¯ÈÛ#\x90=ÞÉ÷Ÿ\x058\n¨0\nENDSTREAM\nENDOBJ\n22 0 OBJ\n&lt;&lt;/TYPE /XREF/INDEX [0 23]/W [1 2 2]/SIZE 23/ROOT 2 0 R/INFO 20 0 R/FILTER /FLATEDECODE/LENGTH 81&gt;&gt;\nSTREAM\nXÚ%Ë-\x0e\x800\x18\x83ÁVÜ3`\x82ÌÍS\x00H\x10Ü\x01ÇÝÏ\x80C\x8d5\x9fYÄÛ\x14@Î\x0e\x11\x10\x14NTD°V\x8bF´Ô\x1fÀÔ\x14ÖÕÖNÔBÀÑZ\x1b\x85\x17\x93\x98ÅÂS+·Ë\x06~ÇN\x07\x9f\nENDSTREAM\nENDOBJ\nSTARTXREF\n15182\n%%EOF\n')&#10; +  where '%PDF-1.7\n%Ð\x9f\x96¤\n5 0 OBJ\n&lt;&lt;/FILTER /FLATEDECODE/LENGTH 2980&gt;&gt;\nSTREAM\nXÚÍZËND·\x11Ý÷WÜΜ\x81Ð$\x8bÅ\x07\x10\x0c\x90ÀY @\x12Ø\x1eD\x90\x04YH\x94È\x1b+\x80\x9dE~?\x87÷ÁÇ½D©%\x01\x8eGÐ´\x9a&lt;\x97,²Þ§Û,\x1a?¿0Ø/:£BLÁ»ÅÑÙÖÃM«ÀËLÙC\x1d&gt;~\x8cÁÅ\x05V\x9a\x8cÅÅÆ\xa0ÐK´]\x983ÞÇ\x7fÝ&gt;ÝÞ\rÜ\x97\x0fFÉÅ»Ÿ`=£MÒØJÑÑ\x87\x89\x9a\x92]~ÜÎÎÅ^F=Ý¾ÆÏ\x0f7§Í1W\x1f\x88^\x19\x17Ù¾UÈ×,Z/¶\x08\x1c£RÄÞº\x06OTRÆS4Æ\xad\x12¿FÕ»Á\x87Ì\x9c\x82ÒÚÀ\x99Ö\x8c\x10,%Â·^ÒK\x16½\x17{\x08\x0c!~U\x84H\x94Ÿ-×?¾ÙÝÍ,Ÿ]\x8d\x8d#Í«&gt;·\x1a\xadÃSSSS¾}ËÚÃΜ\x9e[\r¼\x7f\x8bÑZÏÍ\x95½{\x8bÁZÏ7\x1f¢\nZ\x87\x18Þ¿EV\x82\'È1^\x94P\x87SS¯\x84N\x8bZQÏSSB´V§\x84WO1\\«SÂH\x0bªÓ\x81ÜÁËL\x945Ñ`)B¤Ò\x896÷A\x9bT21YJÁ.ÆU£?\x81/Î\x9e&lt;¶QËÕ\x0f8ÛP\x0cÒÚºÄ}ÈÃÑ\x9bÓ\'\x08\x1f\x93ÖË\xadDSJ\x06¾Ç\x80Ç@¬\x03&gt;\x84ÚD3ÞÉ\x8b=Ÿ4£°MÃ\x9c£ÅÄ½\x8dÅ\x91M\x8cQÄ\x04¥9\x84`\x04\x0cÁ}Ô\x9e½\x84AT6ÌÎ\n\x18Ç*¿ΜAÀ@Ã&amp;\x10\x19\x920H³Ú\x9a\x14\x05\x8c\'EÉÈ(\xadÃ\x93²\x9c\x92O\x02\x06Q|½B\'`\x10ÀÉ\x84 B\x82&quot;ÇÓÄ\x1c\x93HÁJØHªHI9Í(\tª°\x9aÁÂD£°\x8e5F9O\x8d\x0f\x12&amp;(\x97\x8cFA¥Ö\x92B\x08EQÂ$Å\x88;VP\x85EDÈV¨\x05UXÔ\x83^{NNÂ Ö\x10» \xadÃ¤¼WÄYÂ$Å\x13IÊ²\x1eAÌZC\x92*\x82AÂG&lt;\x97T\x91Ý;¤¤%U KE\x1dC\x92T\x11\x11E( \\\x08\x98ÄJUDA\x15¨\x800ÁÎE\t\x13T²02A\x15PA\x95\x98À¦\x12\...dG\x9a«-ÖÌ*\rÛ^T]ÄQ\x88\x00\x8aH\x19G¸ÅÙFPL±\x03Ì\x19Ô\x1bÊ\x1eO¨JK\x93:\x82A\x7f«³ÍSSΜ4Z÷\t$³Ä-\x116\x89,×.DSS+ÊY\x1eÖ¦AÕLL\x02ºR\x9d¡ªΜ]\x9bW\x0bD\x93Å±ÆH³ÂÏ\x92VU¡·YM*¬W\x90\x96KÝQ\x1eªTW´\x997³\x14SÎÌ±\x83\x11÷Û\\Ï¨\x02FË:\x1b¯Ê÷³Ñ½Ú\x83SÒR\x1e!Ö VC\x99Ð+\x12{\x1e¾\x16\x96\x89 \x16\x08³\x8b\x93\x00\x8e&lt;N\x08Ù\x12\x1eÚ\x84.6ÓÂ\x04\x01¾\\\x9c\'À{Ö\x12\x89\x10\x97ÇJ¢V&quot;8JP\x8f\x86PA\x03Ö28YÇ\'\xad%Ü\x13\x11´É\x86QKHN}C{P\x80IZ2²YS9V\x88;SS8À8ÙØG\x8cÊ\x8dZ\x99Ð[*Y±\x7fÔÜ¾:K\x92±7\x0eQU~,²M\x99JÌÁ&quot;`R G3{\x9eF÷¶Ý¹TÁ2\x95\x04Þ\x98Û·%Y\x13H&gt;-Î¿ÜN_\x86ŸE|PÆÅÏ\x01\x08G¿\x84\x90+ÕÝ?ÀÀ\x95Ä\x07\x93Ö§\x01\t\x1eD\x84½\x85\x165Ö¼\x00ÍÕC½ÂŸÕØÖÙÎ?ÁÁ\n\x86\x1aUÂ\x11ÙJ\x8cG5I(Z\x8d\x0b\x08\x11\x8d0Â-ÊZ&lt;5¡\x19;Ã9ÔÏ\x17.!Ï¢\nÍ)À\x7f\x90OAEB4\x7f®Ò¢È\x0b-\x92SS\x88§ÀÇÐTEÄ\x17P\x12?\x03¥Ð\x02J\rTÉ\x13\x8a\x1c4\x81ÈÃÉ9¿YU¦\x87\x8d®ÀÆQ«Ú8¯ÈÛ#\x90=ÞÉ÷Ÿ\x058\n¨0\nENDSTREAM\nENDOBJ\n22 0 OBJ\n&lt;&lt;/TYPE /XREF/INDEX [0 23]/W [1 2 2]/SIZE 23/ROOT 2 0 R/INFO 20 0 R/FILTER /FLATEDECODE/LENGTH 81&gt;&gt;\nSTREAM\nXÚ%Ë-\x0e\x800\x18\x83ÁVÜ3`\x82ÌÍS\x00H\x10Ü\x01ÇÝÏ\x80C\x8d5\x9fYÄÛ\x14@Î\x0e\x11\x10\x14NTD°V\x8bF´Ô\x1fÀÔ\x14ÖÕÖNÔBÀÑZ\x1b\x85\x17\x93\x98ÅÂS+·Ë\x06~ÇN\x07\x9f\nENDSTREAM\nENDOBJ\nSTARTXREF\n15182\n%%EOF\n' = &lt;built-in method upper of str object at 0xaefcd2397220&gt;()&#10; +    where &lt;built-in method upper of str object at 0xaefcd2397220&gt; = '%PDF-1.7\n%ð\x9f\x96¤\n5 0 obj\n&lt;&lt;/Filter /FlateDecode/Length 2980&gt;&gt;\nstream\nxÚÍZËnd·\x11Ý÷WÜµ\x81Ð$\x8bÅ\x07\x10\x0c\x90Ày @\x12Ø\x1ed\x90\x04Yh\x94È\x1b+\x80\x9dE~?\x87÷ÁÇ½d©%\x01\x8eGÐ´\x9a&lt;\x97,²Þ§Û,\x1a?¿0ø/:£bLÁ»åñùöÃM«Àëlùc\x1d&gt;~\x8cáÅ\x05V\x9a\x8cåÅÆ\xa0ðk´]\x983þÇ\x7fÝ&gt;Ýþ\rÜ\x97\x0fFéå»ÿ`=£MòØJÑñ\x87\x89\x9a\x92]~üîÎå^F=Ý¾ÆÏ\x0f7§í1W\x1f\x88^\x19\x17Ù¾UÈ×,z/¶\x08\x1c£rÄÞº\x06otRÆs4æ\xad\x12¿fÕ»Á\x87Ì\x9c\x82òÚà\x99ö\x8c\x10,%â·^òk\x16½\x17{\x08\x0c!~U\x84H\x94ÿ-×?¾ùÝÍ,ÿ]\x8d\x8d#í«&gt;·\x1a\xadÃßß¾}ËÚÃµ\x9e[\r¼\x7f\x8bÑZÏí\x95½{\x8báZÏ7\x1f¢\nZ\x87\x18Þ¿EV\x82\'è1^\x94P\x87ß¯\x84n\x8bzqïßb´V§\x84wo1\\«SÂh\x0bªÓ\x81Üáël\x945Ñ`)B¤Ò\x896÷a\x9bT21YjÁ.æU£?\x81/Î\x9e&lt;¶qËõ\x0f8ûP\x0cÒúºä}ÈÃÑ\x9bÓ\'\x08\x1f\x93öë\xaddsj\x06¾Ç\x80Ç@¬\x03&gt;\x84úd3þé\x8b=ÿ4£°mã\x9c£Åä½\x8dÅ\x91m\x8cQÄ\x04¥9\x84`\x04\x0cá}ô\x9e½\x84AT6ÌÎ\n\x18Ç*¿µAÀ@ã&amp;\x10\x19\x920H³Ú\x9a\x14\x05\x8c\'eÉè(\xadã\x93²\x9c\x92O\x02\x06Q|½B\'`\x10àÉ\x84 B\x82&quot;çóÄ\x1c\x93HÁjØHªHI9í(\tª°\x9aáâd£°\x8e5F9o\x8d\x0f\x12&amp;(\x97\x8cfA¥Ö\x92b\x08EQÂ$Å\x88;VP\x85EDÈV¨\x05UXÔ\x83^{NNÂ ö\x10» \xadÃ¤¼wäYÂ$å\x13Iê²\x1eAÌZC\x92*\x82AÂG&lt;\x97T\x91ý;¤¤%U kE\x1dC\x92T\x11\x11E( \\\x08\x98ÄjudA\x15¨\x800ÁÎE\t\x13T²02A\x15pa\x95\x98à¦\x12\x06q...\x1dg\x9a«-öÌ*\rÛ^t]ÄQ\x88\x00\x8ah\x19g¸åÙfPl±\x03Ì\x19Ô\x1bÊ\x1eo¨jK\x93:\x82a\x7f«³íSsµ4z÷\t$³Ä-\x116\x89,×.Dß+ÊY\x1eÖ¦AÕlL\x02ºr\x9d¡ªµ]\x9bW\x0bD\x93å±ÆH³âï\x92Vu¡·Ym*¬w\x90\x96kÝq\x1eªTW´\x997³\x14SÎÌ±\x83\x11÷û\\ï¨\x02Fë:\x1b¯Ê÷³ñ½Ú\x83sÒr\x1e!ö vC\x99Ð+\x12{\x1e¾\x16\x96\x89 \x16\x08³\x8b\x93\x00\x8e&lt;n\x08Ù\x12\x1eÚ\x84.6óâ\x04\x01¾\\\x9c\'à{ö\x12\x89\x10\x97ÇJ¢V&quot;8JP\x8f\x86pa\x03ö28yÇ\'\xad%Ü\x13\x11´É\x86QKHn}C{P\x80Iz2²YS9V\x88;ß8à8ùØg\x8cÊ\x8dZ\x99ð[*y±\x7fôÜ¾:K\x92±7\x0eqU~,²M\x99jÌÁ&quot;`R G3{\x9eF÷¶Ý¹Tá2\x95\x04þ\x98Û·%y\x13H&gt;-î¿ÜN_\x86ÿE|pÆÅï\x01\x08g¿\x84\x90+Õý?àÀ\x95Ä\x07\x93ö§\x01\t\x1ed\x84½\x85\x165ö¼\x00ÍÕc½âÿõØöÙî?áá\n\x86\x1auÂ\x11ÙJ\x8cg5I(Z\x8d\x0b\x08\x11\x8d0â-êZ&lt;5¡\x19;ã9ôÏ\x17.!Ï¢\ní)À\x7f\x90oAEB4\x7f®Ò¢È\x0b-\x92ß\x88§àçðteä\x17P\x12?\x03¥ð\x02J\rTé\x13\x8a\x1c4\x81èÃé9¿yU¦\x87\x8d®àæQ«ú8¯èû#\x90=Þé÷ÿ\x058\n¨0\nendstream\nendobj\n22 0 obj\n&lt;&lt;/Type /XRef/Index [0 23]/W [1 2 2]/Size 23/Root 2 0 R/Info 20 0 R/Filter /FlateDecode/Length 81&gt;&gt;\nstream\nxÚ%Ë-\x0e\x800\x18\x83ávü3`\x82ÌÍs\x00H\x10Ü\x01Çýï\x80C\x8d5\x9fyÄÛ\x14@Î\x0e\x11\x10\x14NTD°V\x8bF´ô\x1fÀô\x14öÕÖNôbàñZ\x1b\x85\x17\x93\x98ÅÂs+·ë\x06~çN\x07\x9f\nendstream\nendobj\nstartxref\n15182\n%%EOF\n'.upper">backend/tests/test_factures_pdf.py:124: in test_pdf_contains_facture_numero
    assert 'FAC-2026-03-TEST01' in pdf_content or 'FACTURE' in pdf_content.upper()
E   assert ('FAC-2026-03-TEST01' in '%PDF-1.7\n%ð\x9f\x96¤\n5 0 obj\n&lt;&lt;/Filter /FlateDecode/Length 2980&gt;&gt;\nstream\nxÚÍZËnd·\x11Ý÷WÜµ\x81Ð$\x8bÅ\x07\x10\x0c\x90Ày @\x12Ø\x1ed\x90\x04Yh\x94È\x1b+\x80\x9dE~?\x87÷ÁÇ½d©%\x01\x8eGÐ´\x9a&lt;\x97,²Þ§Û,\x1a?¿0ø/:£bLÁ»åñùöÃM«Àëlùc\x1d&gt;~\x8cáÅ\x05V\x9a\x8cåÅÆ\xa0ðk´]\x983þÇ\x7fÝ&gt;Ýþ\rÜ\x97\x0fFéå»ÿ`=£MòØJÑñ\x87\x89\x9a\x92]~üîÎå^F=Ý¾ÆÏ\x0f7§í1W\x1f\x88^\x19\x17Ù¾UÈ×,z/¶\x08\x1c£rÄÞº\x06otRÆs4æ\xad\x12¿fÕ»Á\x87Ì\x9c\x82òÚà\x99ö\x8c\x10,%â·^òk\x16½\x17{\x08\x0c!~U\x84H\x94ÿ-×?¾ùÝÍ,ÿ]\x8d\x8d#í«&gt;·\x1a\xadÃßß¾}ËÚÃµ\x9e[\r¼\x7f\x8bÑZÏí\x95½{\x8báZÏ7\x1f¢\nZ\x87\x18Þ¿EV\x82\'è1^\x94P\x87ß¯\x84n\x8bzqïßb´V§\x84wo1\\«SÂh\x0bªÓ\x81Üáël\x945Ñ`)B¤Ò\x896÷a\x9bT21YjÁ.æU£?\x81/Î\x9e&lt;¶qËõ\x0f8ûP\x0cÒúºä}ÈÃÑ\x9bÓ\'\x08\x1f\x93öë\xaddsj\x06¾Ç\x80Ç@¬\x03&gt;\x84úd3þé\x8b=ÿ4£°mã\x9c£Åä½\x8dÅ\x91m\x8cQÄ\x04¥9\x84`\x04\x0cá}ô\x9e½\x84AT6ÌÎ\n\x18Ç*¿µAÀ@ã&amp;\x10\x19\x920H³Ú\x9a\x14\x05\x8c\'eÉè(\xadã\x93²\x9c\x92O\x02\x06Q|½B\'`\x10àÉ\x84 B\x82"çóÄ\x1c\x93HÁjØHªHI9í(\tª°\x9aáâd£°\x8e5F9o\x8d\x0f\x12&amp;(\x97\x8cfA¥Ö\x92b\x08EQÂ$Å\x88;VP\x85EDÈV¨\x05UXÔ\x83^{NNÂ ö\x10» \xadÃ¤¼wäYÂ$å\x13Iê²\x1eAÌZC\x92*\x82AÂG&lt;\x97T\x91ý;¤¤%U kE\x1dC\x92T\x11\x11E( \\\x08\x98ÄjudA\x15¨\x800ÁÎE\t\x13T²02A\x15pa\x95\x98à¦\x12\x06q...\x1dg\x9a«-öÌ*\rÛ^t]ÄQ\x88\x00\x8ah\x19g¸åÙfPl±\x03Ì\x19Ô\x1bÊ\x1eo¨jK\x93:\x82a\x7f«³íSsµ4z÷\t$³Ä-\x116\x89,×.Dß+ÊY\x1eÖ¦AÕlL\x02ºr\x9d¡ªµ]\x9bW\x0bD\x93å±ÆH³âï\x92Vu¡·Ym*¬w\x90\x96kÝq\x1eªTW´\x997³\x14SÎÌ±\x83\x11÷û\\ï¨\x02Fë:\x1b¯Ê÷³ñ½Ú\x83sÒr\x1e!ö vC\x99Ð+\x12{\x1e¾\x16\x96\x89 \x16\x08³\x8b\x93\x00\x8e&lt;n\x08Ù\x12\x1eÚ\x84.6óâ\x04\x01¾\\\x9c\'à{ö\x12\x89\x10\x97ÇJ¢V"8JP\x8f\x86pa\x03ö28yÇ\'\xad%Ü\x13\x11´É\x86QKHn}C{P\x80Iz2²YS9V\x88;ß8à8ùØg\x8cÊ\x8dZ\x99ð[*y±\x7fôÜ¾:K\x92±7\x0eqU~,²M\x99jÌÁ"`R G3{\x9eF÷¶Ý¹Tá2\x95\x04þ\x98Û·%y\x13H&gt;-î¿ÜN_\x86ÿE|pÆÅï\x01\x08g¿\x84\x90+Õý?àÀ\x95Ä\x07\x93ö§\x01\t\x1ed\x84½\x85\x165ö¼\x00ÍÕc½âÿõØöÙî?áá\n\x86\x1auÂ\x11ÙJ\x8cg5I(Z\x8d\x0b\x08\x11\x8d0â-êZ&lt;5¡\x19;ã9ôÏ\x17.!Ï¢\ní)À\x7f\x90oAEB4\x7f®Ò¢È\x0b-\x92ß\x88§àçðteä\x17P\x12?\x03¥ð\x02J\rTé\x13\x8a\x1c4\x81èÃé9¿yU¦\x87\x8d®àæQ«ú8¯èû#\x90=Þé÷ÿ\x058\n¨0\nendstream\nendobj\n22 0 obj\n&lt;&lt;/Type /XRef/Index [0 23]/W [1 2 2]/Size 23/Root 2 0 R/Info 20 0 R/Filter /FlateDecode/Length 81&gt;&gt;\nstream\nxÚ%Ë-\x0e\x800\x18\x83ávü3`\x82ÌÍs\x00H\x10Ü\x01Çýï\x80C\x8d5\x9fyÄÛ\x14@Î\x0e\x11\x10\x14NTD°V\x8bF´ô\x1fÀô\x14öÕÖNôbàñZ\x1b\x85\x17\x93\x98ÅÂs+·ë\x06~çN\x07\x9f\nendstream\nendobj\nstartxref\n15182\n%%EOF\n' or 'FACTURE' in '%PDF-1.7\n%Ð\x9f\x96¤\n5 0 OBJ\n&lt;&lt;/FILTER /FLATEDECODE/LENGTH 2980&gt;&gt;\nSTREAM\nXÚÍZËND·\x11Ý÷WÜΜ\x81Ð$\x8bÅ\x07\x10\x0c\x90ÀY @\x12Ø\x1eD\x90\x04YH\x94È\x1b+\x80\x9dE~?\x87÷ÁÇ½D©%\x01\x8eGÐ´\x9a&lt;\x97,²Þ§Û,\x1a?¿0Ø/:£BLÁ»ÅÑÙÖÃM«ÀËLÙC\x1d&gt;~\x8cÁÅ\x05V\x9a\x8cÅÅÆ\xa0ÐK´]\x983ÞÇ\x7fÝ&gt;ÝÞ\rÜ\x97\x0fFÉÅ»Ÿ`=£MÒØJÑÑ\x87\x89\x9a\x92]~ÜÎÎÅ^F=Ý¾ÆÏ\x0f7§Í1W\x1f\x88^\x19\x17Ù¾UÈ×,Z/¶\x08\x1c£RÄÞº\x06OTRÆS4Æ\xad\x12¿FÕ»Á\x87Ì\x9c\x82ÒÚÀ\x99Ö\x8c\x10,%Â·^ÒK\x16½\x17{\x08\x0c!~U\x84H\x94Ÿ-×?¾ÙÝÍ,Ÿ]\x8d\x8d#Í«&gt;·\x1a\xadÃSSSS¾}ËÚÃΜ\x9e[\r¼\x7f\x8bÑZÏÍ\x95½{\x8bÁZÏ7\x1f¢\nZ\x87\x18Þ¿EV\x82\'È1^\x94P\x87SS¯\x84N\x8bZQÏSSB´V§\x84WO1\\«SÂH\x0bªÓ\x81ÜÁËL\x945Ñ`)B¤Ò\x896÷A\x9bT21YJÁ.ÆU£?\x81/Î\x9e&lt;¶QËÕ\x0f8ÛP\x0cÒÚºÄ}ÈÃÑ\x9bÓ\'\x08\x1f\x93ÖË\xadDSJ\x06¾Ç\x80Ç@¬\x03&gt;\x84ÚD3ÞÉ\x8b=Ÿ4£°MÃ\x9c£ÅÄ½\x8dÅ\x91M\x8cQÄ\x04¥9\x84`\x04\x0cÁ}Ô\x9e½\x84AT6ÌÎ\n\x18Ç*¿ΜAÀ@Ã&amp;\x10\x19\x920H³Ú\x9a\x14\x05\x8c\'EÉÈ(\xadÃ\x93²\x9c\x92O\x02\x06Q|½B\'`\x10ÀÉ\x84 B\x82"ÇÓÄ\x1c\x93HÁJØHªHI9Í(\tª°\x9aÁÂD£°\x8e5F9O\x8d\x0f\x12&amp;(\x97\x8cFA¥Ö\x92B\x08EQÂ$Å\x88;VP\x85EDÈV¨\x05UXÔ\x83^{NNÂ Ö\x10» \xadÃ¤¼WÄYÂ$Å\x13IÊ²\x1eAÌZC\x92*\x82AÂG&lt;\x97T\x91Ý;¤¤%U KE\x1dC\x92T\x11\x11E( \\\x08\x98ÄJUDA\x15¨\x800ÁÎE\t\x13T²02A\x15PA\x95\x98À¦\x12\...dG\x9a«-ÖÌ*\rÛ^T]ÄQ\x88\x00\x8aH\x19G¸ÅÙFPL±\x03Ì\x19Ô\x1bÊ\x1eO¨JK\x93:\x82A\x7f«³ÍSSΜ4Z÷\t$³Ä-\x116\x89,×.DSS+ÊY\x1eÖ¦AÕLL\x02ºR\x9d¡ªΜ]\x9bW\x0bD\x93Å±ÆH³ÂÏ\x92VU¡·YM*¬W\x90\x96KÝQ\x1eªTW´\x997³\x14SÎÌ±\x83\x11÷Û\\Ï¨\x02FË:\x1b¯Ê÷³Ñ½Ú\x83SÒR\x1e!Ö VC\x99Ð+\x12{\x1e¾\x16\x96\x89 \x16\x08³\x8b\x93\x00\x8e&lt;N\x08Ù\x12\x1eÚ\x84.6ÓÂ\x04\x01¾\\\x9c\'À{Ö\x12\x89\x10\x97ÇJ¢V"8JP\x8f\x86PA\x03Ö28YÇ\'\xad%Ü\x13\x11´É\x86QKHN}C{P\x80IZ2²YS9V\x88;SS8À8ÙØG\x8cÊ\x8dZ\x99Ð[*Y±\x7fÔÜ¾:K\x92±7\x0eQU~,²M\x99JÌÁ"`R G3{\x9eF÷¶Ý¹TÁ2\x95\x04Þ\x98Û·%Y\x13H&gt;-Î¿ÜN_\x86ŸE|PÆÅÏ\x01\x08G¿\x84\x90+ÕÝ?ÀÀ\x95Ä\x07\x93Ö§\x01\t\x1eD\x84½\x85\x165Ö¼\x00ÍÕC½ÂŸÕØÖÙÎ?ÁÁ\n\x86\x1aUÂ\x11ÙJ\x8cG5I(Z\x8d\x0b\x08\x11\x8d0Â-ÊZ&lt;5¡\x19;Ã9ÔÏ\x17.!Ï¢\nÍ)À\x7f\x90OAEB4\x7f®Ò¢È\x0b-\x92SS\x88§ÀÇÐTEÄ\x17P\x12?\x03¥Ð\x02J\rTÉ\x13\x8a\x1c4\x81ÈÃÉ9¿YU¦\x87\x8d®ÀÆQ«Ú8¯ÈÛ#\x90=ÞÉ÷Ÿ\x058\n¨0\nENDSTREAM\nENDOBJ\n22 0 OBJ\n&lt;&lt;/TYPE /XREF/INDEX [0 23]/W [1 2 2]/SIZE 23/ROOT 2 0 R/INFO 20 0 R/FILTER /FLATEDECODE/LENGTH 81&gt;&gt;\nSTREAM\nXÚ%Ë-\x0e\x800\x18\x83ÁVÜ3`\x82ÌÍS\x00H\x10Ü\x01ÇÝÏ\x80C\x8d5\x9fYÄÛ\x14@Î\x0e\x11\x10\x14NTD°V\x8bF´Ô\x1fÀÔ\x14ÖÕÖNÔBÀÑZ\x1b\x85\x17\x93\x98ÅÂS+·Ë\x06~ÇN\x07\x9f\nENDSTREAM\nENDOBJ\nSTARTXREF\n15182\n%%EOF\n')
E    +  where '%PDF-1.7\n%Ð\x9f\x96¤\n5 0 OBJ\n&lt;&lt;/FILTER /FLATEDECODE/LENGTH 2980&gt;&gt;\nSTREAM\nXÚÍZËND·\x11Ý÷WÜΜ\x81Ð$\x8bÅ\x07\x10\x0c\x90ÀY @\x12Ø\x1eD\x90\x04YH\x94È\x1b+\x80\x9dE~?\x87÷ÁÇ½D©%\x01\x8eGÐ´\x9a&lt;\x97,²Þ§Û,\x1a?¿0Ø/:£BLÁ»ÅÑÙÖÃM«ÀËLÙC\x1d&gt;~\x8cÁÅ\x05V\x9a\x8cÅÅÆ\xa0ÐK´]\x983ÞÇ\x7fÝ&gt;ÝÞ\rÜ\x97\x0fFÉÅ»Ÿ`=£MÒØJÑÑ\x87\x89\x9a\x92]~ÜÎÎÅ^F=Ý¾ÆÏ\x0f7§Í1W\x1f\x88^\x19\x17Ù¾UÈ×,Z/¶\x08\x1c£RÄÞº\x06OTRÆS4Æ\xad\x12¿FÕ»Á\x87Ì\x9c\x82ÒÚÀ\x99Ö\x8c\x10,%Â·^ÒK\x16½\x17{\x08\x0c!~U\x84H\x94Ÿ-×?¾ÙÝÍ,Ÿ]\x8d\x8d#Í«&gt;·\x1a\xadÃSSSS¾}ËÚÃΜ\x9e[\r¼\x7f\x8bÑZÏÍ\x95½{\x8bÁZÏ7\x1f¢\nZ\x87\x18Þ¿EV\x82\'È1^\x94P\x87SS¯\x84N\x8bZQÏSSB´V§\x84WO1\\«SÂH\x0bªÓ\x81ÜÁËL\x945Ñ`)B¤Ò\x896÷A\x9bT21YJÁ.ÆU£?\x81/Î\x9e&lt;¶QËÕ\x0f8ÛP\x0cÒÚºÄ}ÈÃÑ\x9bÓ\'\x08\x1f\x93ÖË\xadDSJ\x06¾Ç\x80Ç@¬\x03&gt;\x84ÚD3ÞÉ\x8b=Ÿ4£°MÃ\x9c£ÅÄ½\x8dÅ\x91M\x8cQÄ\x04¥9\x84`\x04\x0cÁ}Ô\x9e½\x84AT6ÌÎ\n\x18Ç*¿ΜAÀ@Ã&amp;\x10\x19\x920H³Ú\x9a\x14\x05\x8c\'EÉÈ(\xadÃ\x93²\x9c\x92O\x02\x06Q|½B\'`\x10ÀÉ\x84 B\x82"ÇÓÄ\x1c\x93HÁJØHªHI9Í(\tª°\x9aÁÂD£°\x8e5F9O\x8d\x0f\x12&amp;(\x97\x8cFA¥Ö\x92B\x08EQÂ$Å\x88;VP\x85EDÈV¨\x05UXÔ\x83^{NNÂ Ö\x10» \xadÃ¤¼WÄYÂ$Å\x13IÊ²\x1eAÌZC\x92*\x82AÂG&lt;\x97T\x91Ý;¤¤%U KE\x1dC\x92T\x11\x11E( \\\x08\x98ÄJUDA\x15¨\x800ÁÎE\t\x13T²02A\x15PA\x95\x98À¦\x12\...dG\x9a«-ÖÌ*\rÛ^T]ÄQ\x88\x00\x8aH\x19G¸ÅÙFPL±\x03Ì\x19Ô\x1bÊ\x1eO¨JK\x93:\x82A\x7f«³ÍSSΜ4Z÷\t$³Ä-\x116\x89,×.DSS+ÊY\x1eÖ¦AÕLL\x02ºR\x9d¡ªΜ]\x9bW\x0bD\x93Å±ÆH³ÂÏ\x92VU¡·YM*¬W\x90\x96KÝQ\x1eªTW´\x997³\x14SÎÌ±\x83\x11÷Û\\Ï¨\x02FË:\x1b¯Ê÷³Ñ½Ú\x83SÒR\x1e!Ö VC\x99Ð+\x12{\x1e¾\x16\x96\x89 \x16\x08³\x8b\x93\x00\x8e&lt;N\x08Ù\x12\x1eÚ\x84.6ÓÂ\x04\x01¾\\\x9c\'À{Ö\x12\x89\x10\x97ÇJ¢V"8JP\x8f\x86PA\x03Ö28YÇ\'\xad%Ü\x13\x11´É\x86QKHN}C{P\x80IZ2²YS9V\x88;SS8À8ÙØG\x8cÊ\x8dZ\x99Ð[*Y±\x7fÔÜ¾:K\x92±7\x0eQU~,²M\x99JÌÁ"`R G3{\x9eF÷¶Ý¹TÁ2\x95\x04Þ\x98Û·%Y\x13H&gt;-Î¿ÜN_\x86ŸE|PÆÅÏ\x01\x08G¿\x84\x90+ÕÝ?ÀÀ\x95Ä\x07\x93Ö§\x01\t\x1eD\x84½\x85\x165Ö¼\x00ÍÕC½ÂŸÕØÖÙÎ?ÁÁ\n\x86\x1aUÂ\x11ÙJ\x8cG5I(Z\x8d\x0b\x08\x11\x8d0Â-ÊZ&lt;5¡\x19;Ã9ÔÏ\x17.!Ï¢\nÍ)À\x7f\x90OAEB4\x7f®Ò¢È\x0b-\x92SS\x88§ÀÇÐTEÄ\x17P\x12?\x03¥Ð\x02J\rTÉ\x13\x8a\x1c4\x81ÈÃÉ9¿YU¦\x87\x8d®ÀÆQ«Ú8¯ÈÛ#\x90=ÞÉ÷Ÿ\x058\n¨0\nENDSTREAM\nENDOBJ\n22 0 OBJ\n&lt;&lt;/TYPE /XREF/INDEX [0 23]/W [1 2 2]/SIZE 23/ROOT 2 0 R/INFO 20 0 R/FILTER /FLATEDECODE/LENGTH 81&gt;&gt;\nSTREAM\nXÚ%Ë-\x0e\x800\x18\x83ÁVÜ3`\x82ÌÍS\x00H\x10Ü\x01ÇÝÏ\x80C\x8d5\x9fYÄÛ\x14@Î\x0e\x11\x10\x14NTD°V\x8bF´Ô\x1fÀÔ\x14ÖÕÖNÔBÀÑZ\x1b\x85\x17\x93\x98ÅÂS+·Ë\x06~ÇN\x07\x9f\nENDSTREAM\nENDOBJ\nSTARTXREF\n15182\n%%EOF\n' = &lt;built-in method upper of str object at 0xaefcd2397220&gt;()
E    +    where &lt;built-in method upper of str object at 0xaefcd2397220&gt; = '%PDF-1.7\n%ð\x9f\x96¤\n5 0 obj\n&lt;&lt;/Filter /FlateDecode/Length 2980&gt;&gt;\nstream\nxÚÍZËnd·\x11Ý÷WÜµ\x81Ð$\x8bÅ\x07\x10\x0c\x90Ày @\x12Ø\x1ed\x90\x04Yh\x94È\x1b+\x80\x9dE~?\x87÷ÁÇ½d©%\x01\x8eGÐ´\x9a&lt;\x97,²Þ§Û,\x1a?¿0ø/:£bLÁ»åñùöÃM«Àëlùc\x1d&gt;~\x8cáÅ\x05V\x9a\x8cåÅÆ\xa0ðk´]\x983þÇ\x7fÝ&gt;Ýþ\rÜ\x97\x0fFéå»ÿ`=£MòØJÑñ\x87\x89\x9a\x92]~üîÎå^F=Ý¾ÆÏ\x0f7§í1W\x1f\x88^\x19\x17Ù¾UÈ×,z/¶\x08\x1c£rÄÞº\x06otRÆs4æ\xad\x12¿fÕ»Á\x87Ì\x9c\x82òÚà\x99ö\x8c\x10,%â·^òk\x16½\x17{\x08\x0c!~U\x84H\x94ÿ-×?¾ùÝÍ,ÿ]\x8d\x8d#í«&gt;·\x1a\xadÃßß¾}ËÚÃµ\x9e[\r¼\x7f\x8bÑZÏí\x95½{\x8báZÏ7\x1f¢\nZ\x87\x18Þ¿EV\x82\'è1^\x94P\x87ß¯\x84n\x8bzqïßb´V§\x84wo1\\«SÂh\x0bªÓ\x81Üáël\x945Ñ`)B¤Ò\x896÷a\x9bT21YjÁ.æU£?\x81/Î\x9e&lt;¶qËõ\x0f8ûP\x0cÒúºä}ÈÃÑ\x9bÓ\'\x08\x1f\x93öë\xaddsj\x06¾Ç\x80Ç@¬\x03&gt;\x84úd3þé\x8b=ÿ4£°mã\x9c£Åä½\x8dÅ\x91m\x8cQÄ\x04¥9\x84`\x04\x0cá}ô\x9e½\x84AT6ÌÎ\n\x18Ç*¿µAÀ@ã&amp;\x10\x19\x920H³Ú\x9a\x14\x05\x8c\'eÉè(\xadã\x93²\x9c\x92O\x02\x06Q|½B\'`\x10àÉ\x84 B\x82"çóÄ\x1c\x93HÁjØHªHI9í(\tª°\x9aáâd£°\x8e5F9o\x8d\x0f\x12&amp;(\x97\x8cfA¥Ö\x92b\x08EQÂ$Å\x88;VP\x85EDÈV¨\x05UXÔ\x83^{NNÂ ö\x10» \xadÃ¤¼wäYÂ$å\x13Iê²\x1eAÌZC\x92*\x82AÂG&lt;\x97T\x91ý;¤¤%U kE\x1dC\x92T\x11\x11E( \\\x08\x98ÄjudA\x15¨\x800ÁÎE\t\x13T²02A\x15pa\x95\x98à¦\x12\x06q...\x1dg\x9a«-öÌ*\rÛ^t]ÄQ\x88\x00\x8ah\x19g¸åÙfPl±\x03Ì\x19Ô\x1bÊ\x1eo¨jK\x93:\x82a\x7f«³íSsµ4z÷\t$³Ä-\x116\x89,×.Dß+ÊY\x1eÖ¦AÕlL\x02ºr\x9d¡ªµ]\x9bW\x0bD\x93å±ÆH³âï\x92Vu¡·Ym*¬w\x90\x96kÝq\x1eªTW´\x997³\x14SÎÌ±\x83\x11÷û\\ï¨\x02Fë:\x1b¯Ê÷³ñ½Ú\x83sÒr\x1e!ö vC\x99Ð+\x12{\x1e¾\x16\x96\x89 \x16\x08³\x8b\x93\x00\x8e&lt;n\x08Ù\x12\x1eÚ\x84.6óâ\x04\x01¾\\\x9c\'à{ö\x12\x89\x10\x97ÇJ¢V"8JP\x8f\x86pa\x03ö28yÇ\'\xad%Ü\x13\x11´É\x86QKHn}C{P\x80Iz2²YS9V\x88;ß8à8ùØg\x8cÊ\x8dZ\x99ð[*y±\x7fôÜ¾:K\x92±7\x0eqU~,²M\x99jÌÁ"`R G3{\x9eF÷¶Ý¹Tá2\x95\x04þ\x98Û·%y\x13H&gt;-î¿ÜN_\x86ÿE|pÆÅï\x01\x08g¿\x84\x90+Õý?àÀ\x95Ä\x07\x93ö§\x01\t\x1ed\x84½\x85\x165ö¼\x00ÍÕc½âÿõØöÙî?áá\n\x86\x1auÂ\x11ÙJ\x8cg5I(Z\x8d\x0b\x08\x11\x8d0â-êZ&lt;5¡\x19;ã9ôÏ\x17.!Ï¢\ní)À\x7f\x90oAEB4\x7f®Ò¢È\x0b-\x92ß\x88§àçðteä\x17P\x12?\x03¥ð\x02J\rTé\x13\x8a\x1c4\x81èÃé9¿yU¦\x87\x8d®àæQ«ú8¯èû#\x90=Þé÷ÿ\x058\n¨0\nendstream\nendobj\n22 0 obj\n&lt;&lt;/Type /XRef/Index [0 23]/W [1 2 2]/Size 23/Root 2 0 R/Info 20 0 R/Filter /FlateDecode/Length 81&gt;&gt;\nstream\nxÚ%Ë-\x0e\x800\x18\x83ávü3`\x82ÌÍs\x00H\x10Ü\x01Çýï\x80C\x8d5\x9fyÄÛ\x14@Î\x0e\x11\x10\x14NTD°V\x8bF´ô\x1fÀô\x14öÕÖNôbàñZ\x1b\x85\x17\x93\x98ÅÂs+·ë\x06~çN\x07\x9f\nendstream\nendobj\nstartxref\n15182\n%%EOF\n'.upper</failure></testcase><testcase classname="backend.tests.test_factures_pdf.TestFacturePDFContent" name="test_pdf_size_reasonable" time="0.192" /><testcase classname="backend.tests.test_factures_pdf.TestFactureDetails" name="test_get_facture_details" time="0.100" /></testsuite></testsuites>