<?xml version="1.0" encoding="utf-8"?><testsuites name="pytest tests"><testsuite name="pytest" errors="1" failures="1" skipped="0" tests="10" time="1.861" timestamp="2026-03-06T15:58:54.678769+00:00" hostname="agent-env-f3ef7aa1-5a32-4478-9be6-f12e62ca6d2a"><testcase classname="backend.tests.test_docusign.TestDocuSignStatus" name="test_docusign_status_returns_configured" time="0.154" /><testcase classname="backend.tests.test_docusign.TestDocuSignSendContrat" name="test_send_contrat_requires_authentication" time="0.664"><error message="failed on setup with &quot;assert 500 == 200&#10; +  where 500 = &lt;Response [500]&gt;.status_code&quot;">backend/tests/test_docusign.py:78: in test_contrat
    assert contrat_res.status_code == 200
E   assert 500 == 200
E    +  where 500 = &lt;Response [500]&gt;.status_code</error></testcase><testcase classname="backend.tests.test_docusign.TestDocuSignSendContrat" name="test_send_contrat_not_found" time="0.110" /><testcase classname="backend.tests.test_docusign.TestDocuSignSyncStatus" name="test_sync_status_contrat_requires_auth" time="0.124" /><testcase classname="backend.tests.test_docusign.TestDocuSignSyncStatus" name="test_sync_status_facture_requires_auth" time="0.150" /><testcase classname="backend.tests.test_docusign.TestDocuSignSyncStatus" name="test_sync_status_invalid_document_type" time="0.104"><failure message="assert 400 == 401&#10; +  where 400 = &lt;Response [400]&gt;.status_code">backend/tests/test_docusign.py:137: in test_sync_status_invalid_document_type
    assert response.status_code == 401
E   assert 400 == 401
E    +  where 400 = &lt;Response [400]&gt;.status_code</failure></testcase><testcase classname="backend.tests.test_docusign.TestDocuSignSyncAll" name="test_sync_all_requires_auth" time="0.119" /><testcase classname="backend.tests.test_docusign.TestDocuSignAuthUrl" name="test_auth_url_returns_url" time="0.104" /><testcase classname="backend.tests.test_docusign.TestDocuSignEnvelopeStatus" name="test_envelope_status_requires_auth" time="0.116" /><testcase classname="backend.tests.test_docusign.TestDocuSignSendFacture" name="test_send_facture_requires_auth" time="0.102" /></testsuite></testsuites>