<?xml version="1.0" encoding="utf-8"?><testsuites name="pytest tests"><testsuite name="pytest" errors="0" failures="3" skipped="0" tests="11" time="3.646" timestamp="2026-03-07T10:26:39.195399+00:00" hostname="agent-env-f3ef7aa1-5a32-4478-9be6-f12e62ca6d2a"><testcase classname="backend.tests.test_chauffeur_portal_tours.TestChauffeurLogin" name="test_chauffeur_login_valid_code" time="0.308" /><testcase classname="backend.tests.test_chauffeur_portal_tours.TestChauffeurLogin" name="test_chauffeur_login_invalid_code" time="0.119" /><testcase classname="backend.tests.test_chauffeur_portal_tours.TestPointagesWithTours" name="test_create_pointage_with_tours" time="0.404"><failure message="AssertionError: Expected total_distance ~35.5, got 0.0&#10;assert 35.5 &lt; 0.1&#10; +  where 35.5 = abs((0.0 - 35.5))">backend/tests/test_chauffeur_portal_tours.py:111: in test_create_pointage_with_tours
    assert abs(data["total_distance"] - expected_distance) &lt; 0.1, f"Expected total_distance ~{expected_distance}, got {data['total_distance']}"
E   AssertionError: Expected total_distance ~35.5, got 0.0
E   assert 35.5 &lt; 0.1
E    +  where 35.5 = abs((0.0 - 35.5))</failure></testcase><testcase classname="backend.tests.test_chauffeur_portal_tours.TestPointagesWithTours" name="test_pointage_tours_structure" time="0.426"><failure message="AssertionError: assert (0.0 == 25.0 or 0.0 == 25.0 ± 2.5&#10; +  where 0.0 = &lt;built-in method get of dict object at 0xf9d3b62f0880&gt;('total_distance')&#10; +    where &lt;built-in method get of dict object at 0xf9d3b62f0880&gt; = {'avec_gasoil': True, 'chantier_id': '57334f17-d8cb-49ee-b410-4998b7f1cab5', 'chantier_reference': 'CH-2024-TEST', 'chauffeur_id': 'de440edd-342d-424e-afb5-e90a85af416b', ...}.get&#10;  &#10;  comparison failed&#10;  Obtained: 0.0&#10;  Expected: 25.0 ± 2.5)">backend/tests/test_chauffeur_portal_tours.py:146: in test_pointage_tours_structure
    assert data.get("total_distance") == 25.0 or data.get("total_distance") == pytest.approx(25.0, 0.1)
E   AssertionError: assert (0.0 == 25.0 or 0.0 == 25.0 ± 2.5
E    +  where 0.0 = &lt;built-in method get of dict object at 0xf9d3b62f0880&gt;('total_distance')
E    +    where &lt;built-in method get of dict object at 0xf9d3b62f0880&gt; = {'avec_gasoil': True, 'chantier_id': '57334f17-d8cb-49ee-b410-4998b7f1cab5', 'chantier_reference': 'CH-2024-TEST', 'chauffeur_id': 'de440edd-342d-424e-afb5-e90a85af416b', ...}.get
E     
E     comparison failed
E     Obtained: 0.0
E     Expected: 25.0 ± 2.5)</failure></testcase><testcase classname="backend.tests.test_chauffeur_portal_tours.TestBaremesKilometriques" name="test_get_baremes_config" time="0.096" /><testcase classname="backend.tests.test_chauffeur_portal_tours.TestBaremesKilometriques" name="test_update_bareme" time="0.265" /><testcase classname="backend.tests.test_chauffeur_portal_tours.TestFactureGeneration" name="test_generer_facture_with_baremes" time="0.515" /><testcase classname="backend.tests.test_chauffeur_portal_tours.TestFactureGeneration" name="test_facture_minima_horaire_rule" time="0.520" /><testcase classname="backend.tests.test_chauffeur_portal_tours.TestContratCCPALink" name="test_facture_has_contrat_numero" time="0.103" /><testcase classname="backend.tests.test_chauffeur_portal_tours.TestContratCCPALink" name="test_contrats_ccpa_endpoint" time="0.091" /><testcase classname="backend.tests.test_chauffeur_portal_tours.TestCleanup" name="test_cleanup_test_data" time="0.670"><failure message="AttributeError: 'NoneType' object has no attribute 'startswith'">backend/tests/test_chauffeur_portal_tours.py:407: in test_cleanup_test_data
    if f.get("notes", "").startswith("TEST_"):
       ^^^^^^^^^^^^^^^^^^^^^^^^^^^^^
E   AttributeError: 'NoneType' object has no attribute 'startswith'</failure></testcase></testsuite></testsuites>